#
# A fatal error has been detected by the Java Runtime Environment:
#
#  EXCEPTION_ACCESS_VIOLATION (0xc0000005) at pc=0x00007ffa6c432abb, pid=21064, tid=7632
#
# JRE version: OpenJDK Runtime Environment Corretto-24.0.2.12.1 (24.0.2+12) (build 24.0.2+12-FR)
# Java VM: OpenJDK 64-Bit Server VM Corretto-24.0.2.12.1 (24.0.2+12-FR, mixed mode, sharing, tiered, compressed oops, compressed class ptrs, g1 gc, windows-amd64)
# Problematic frame:
# C  [libasyncProfiler.dll+0x92abb]
#
# No core dump will be written. Minidumps are not enabled by default on client versions of Windows
#
# JFR recording file will be written. Location: C:\Users\user\Desktop\projet\utilisateur\hs_err_pid21064.jfr
#
# If you would like to submit a bug report, please visit:
#   https://github.com/corretto/corretto-24/issues/
# The crash happened outside the Java Virtual Machine in native code.
# See problematic frame for where to report the bug.
#

---------------  S U M M A R Y ------------

Command Line: -ea -Didea.test.cyclic.buffer.size=1048576 -javaagent:C:\Program Files\JetBrains\IntelliJ IDEA 2024.2.4\lib\idea_rt.jar=54376:C:\Program Files\JetBrains\IntelliJ IDEA 2024.2.4\bin -agentpath:C:\Users\user\AppData\Local\Temp\idea_libasyncProfiler_dll_temp_folder\libasyncProfiler.dll=start,jfr,event=wall,interval=10ms,jfrsync=profile,cstack=no,file=C:\Users\user\IdeaSnapshots\Bu_Microservice_utilisateur_Security_in_utilisateur_2026_06_10_031203.jfr,dbghelppath=C:\Users\user\AppData\Local\Temp\idea_dbghelp_dll_temp_folder\dbghelp.dll,log=C:\Users\user\AppData\Local\Temp\Bu_Microservice_utilisateur_Security_in_utilisateur_2026_06_10_031203.jfr.log.txt,logLevel=DEBUG -Dfile.encoding=UTF-8 -Dsun.stdout.encoding=UTF-8 -Dsun.stderr.encoding=UTF-8 com.intellij.rt.junit.JUnitStarter -ideVersion5 -junit5 @w@C:\Users\user\AppData\Local\Temp\idea_working_dirs_junit.tmp @C:\Users\user\AppData\Local\Temp\idea_junit.tmp -socket54375

Host: Intel(R) Core(TM) i5-6200U CPU @ 2.30GHz, 4 cores, 7G,  Windows 11 , 64 bit Build 26100 (10.0.26100.8328)
Time: Wed Jun 10 03:12:07 2026 Afr. centrale Ouest elapsed time: 3.907929 seconds (0d 0h 0m 3s)

---------------  T H R E A D  ---------------

Current thread (0x00000288e333e050):  JavaThread "main"             [_thread_in_native, id=7632, stack(0x000000981a100000,0x000000981a200000) (1024K)]

Stack: [0x000000981a100000,0x000000981a200000],  sp=0x000000981a1fe670,  free space=1017k
Native frames: (J=compiled Java code, j=interpreted, Vv=VM code, C=native code)
C  [libasyncProfiler.dll+0x92abb]  (no source info available)
C  [libasyncProfiler.dll+0x92f9b]  (no source info available)
C  [libasyncProfiler.dll+0x91bf4]  (no source info available)
C  [libasyncProfiler.dll+0x92479]  (no source info available)
C  [libasyncProfiler.dll+0x8d061]  (no source info available)
C  [libasyncProfiler.dll+0x7e841]  (no source info available)
C  [libasyncProfiler.dll+0x7d528]  (no source info available)
C  [libasyncProfiler.dll+0x7d418]  (no source info available)
C  [libasyncProfiler.dll+0x835ec]  (no source info available)
V  [jvm.dll+0x5ec212]  (no source info available)
V  [jvm.dll+0x9219a5]  (no source info available)
V  [jvm.dll+0x49d531]  (no source info available)
V  [jvm.dll+0x49f3b1]  (no source info available)
C  [jli.dll+0x52ea]  (no source info available)
C  [ucrtbase.dll+0x37b0]  (no source info available)
C  [KERNEL32.DLL+0x2e957]  (no source info available)
C  [ntdll.dll+0x427c]  (no source info available)


siginfo: EXCEPTION_ACCESS_VIOLATION (0xc0000005), reading address 0xffffffffffffffff


Registers:
RAX=0x0000000000000010, RBX=0x0000000000000000, RCX=0xffffffffffffffff, RDX=0x007ff9fe07f50010
RSP=0x000000981a1fe670, RBP=0x00000288c600c648, RSI=0x000000981a1fe7d8, RDI=0x00000288c600c648
R8 =0x0000000000000042, R9 =0x000000008c301ed8, R10=0x00007ff9fe323ba0, R11=0x0000000000000002
R12=0x000000981a1fe7d8, R13=0x00000288e32a4af0, R14=0x00000288e333e418, R15=0x00000288e333e418
RIP=0x00007ffa6c432abb, EFLAGS=0x0000000000010202

XMM[0]=0x0000000000000000 0x0000000000000000
XMM[1]=0x0000000000000000 0x0000000000000000
XMM[2]=0x0000000000000000 0x0000000000000000
XMM[3]=0x0000000000000000 0x0000000000000000
XMM[4]=0x0000000000000000 0x0000000000000000
XMM[5]=0x0000000000000000 0x0000000000000000
XMM[6]=0x0000000000000000 0x0000000000000000
XMM[7]=0x0000000000000000 0x0000000000000000
XMM[8]=0x0000000000000000 0x0000000000000000
XMM[9]=0x0000000000000000 0x0000000000000000
XMM[10]=0x0000000000000000 0x0000000000000000
XMM[11]=0x0000000000000000 0x0000000000000000
XMM[12]=0x0000000000000000 0x0000000000000000
XMM[13]=0x0000000000000000 0x0000000000000000
XMM[14]=0x0000000000000000 0x0000000000000000
XMM[15]=0x0000000000000000 0x0000000000000000
  MXCSR=0x00001fa0


Register to memory mapping:

RAX=0x0000000000000010 is an unknown value
RBX=0x0 is null
RCX=0xffffffffffffffff is an unknown value
RDX=0x007ff9fe07f50010 is an unknown value
RSP=0x000000981a1fe670 is pointing into the stack for thread: 0x00000288e333e050
RBP=0x00000288c600c648 points into unknown readable memory: 0x000000008c301ed8 | d8 1e 30 8c 00 00 00 00
RSI=0x000000981a1fe7d8 is pointing into the stack for thread: 0x00000288e333e050
RDI=0x00000288c600c648 points into unknown readable memory: 0x000000008c301ed8 | d8 1e 30 8c 00 00 00 00
R8 =0x0000000000000042 is an unknown value
R9 =0x000000008c301ed8 is an oop: java.lang.Thread 
{0x000000008c301ed8} - klass: 'java/lang/Thread' - flags: 

 - ---- fields (total size 14 words):
 - 'threadLocalRandomProbe' 'I' @12  0 (0x00000000)
 - private volatile 'eetop' 'J' @16  2786950635600 (0x00000288e333e050)
 - private final 'tid' 'J' @24  3 (0x0000000000000003)
 - 'threadLocalRandomSeed' 'J' @32  0 (0x0000000000000000)
 - injected 'jvmti_thread_state' 'J' @40  2785292559296 (0x00000288805fa3c0)
 - 'threadLocalRandomSecondarySeed' 'I' @48  0 (0x00000000)
 - injected 'jvmti_VTMS_transition_disable_count' 'I' @52  0 (0x00000000)
 - injected 'jfr_epoch' 'S' @56  0 (0x0000)
 - volatile 'interrupted' 'Z' @58  false (0x00)
 - injected 'jvmti_is_in_VTMS_transition' 'Z' @59  false (0x00)
 - private volatile 'name' 'Ljava/lang/String;' @60  "main"{0x000000008c301f48} (0x8c301f48)
 - private volatile 'contextClassLoader' 'Ljava/lang/ClassLoader;' @64  a 'jdk/internal/loader/ClassLoaders$AppClassLoader'{0x000000008c367178} (0x8c367178)
 - private final 'holder' 'Ljava/lang/Thread$FieldHolder;' @68  a 'java/lang/Thread$FieldHolder'{0x000000008c301f88} (0x8c301f88)
 - 'threadLocals' 'Ljava/lang/ThreadLocal$ThreadLocalMap;' @72  a 'java/lang/ThreadLocal$ThreadLocalMap'{0x000000008c004d70} (0x8c004d70)
 - 'inheritableThreadLocals' 'Ljava/lang/ThreadLocal$ThreadLocalMap;' @76  null (0x00000000)
 - private 'scopedValueBindings' 'Ljava/lang/Object;' @80  a 'java/lang/Class'{0x00000000ffe7c2c8} = 'java/lang/Thread' (0xffe7c2c8)
 - final 'interruptLock' 'Ljava/lang/Object;' @84  a 'java/lang/Object'{0x000000008c301f78} (0x8c301f78)
 - private volatile 'parkBlocker' 'Ljava/lang/Object;' @88  null (0x00000000)
 - private 'nioBlocker' 'Lsun/nio/ch/Interruptible;' @92  null (0x00000000)
 - private 'cont' 'Ljdk/internal/vm/Continuation;' @96  null (0x00000000)
 - private volatile 'uncaughtExceptionHandler' 'Ljava/lang/Thread$UncaughtExceptionHandler;' @100  null (0x00000000)
 - private 'container' 'Ljdk/internal/vm/ThreadContainer;' @104  null (0x00000000)
 - private volatile 'headStackableScopes' 'Ljdk/internal/vm/StackableScope;' @108  null (0x00000000)
R10=0x00007ff9fe323ba0 jvm.dll
R11=0x0000000000000002 is an unknown value
R12=0x000000981a1fe7d8 is pointing into the stack for thread: 0x00000288e333e050
R13=0x00000288e32a4af0 points into unknown readable memory: 0x00007ff9fe28eba0 | a0 eb 28 fe f9 7f 00 00
R14=0x00000288e333e418 points into unknown readable memory: 0x00007ff9fe2859e0 | e0 59 28 fe f9 7f 00 00
R15=0x00000288e333e418 points into unknown readable memory: 0x00007ff9fe2859e0 | e0 59 28 fe f9 7f 00 00

Top of Stack: (sp=0x000000981a1fe670)
0x000000981a1fe670:   00000288c600c648 00000288e333e418   H.........3.....
0x000000981a1fe680:   0000000000000000 00000288e333e7a0   ..........3.....
0x000000981a1fe690:   0000000000000019 00007ffa6c432f9b   ........./Cl....
0x000000981a1fe6a0:   0000000000000000 00000288e333e418   ..........3.....
0x000000981a1fe6b0:   000000981a1fe701 0000000000000000   ................
0x000000981a1fe6c0:   00000288c77c8480 00007ffa6c431bf4   ..|.......Cl....
0x000000981a1fe6d0:   0000000000000000 0000000000000019   ................
0x000000981a1fe6e0:   0000000000000000 0000000000000019   ................
0x000000981a1fe6f0:   0000000931b5e445 00000288c77ab980   E..1......z.....
0x000000981a1fe700:   00000288c77c8480 00000288c77c84e4   ..|.......|.....
0x000000981a1fe710:   00000288c77c84f0 00007ffa0000562c   ..|.....,V......
0x000000981a1fe720:   0000000000000000 0000000000000000   ................
0x000000981a1fe730:   0000000000000000 00007ff9fda1ab95   ................
0x000000981a1fe740:   00007ffa6c575c80 0000000000005248   .\Wl....HR......
0x000000981a1fe750:   00007ffa6c575c80 00000000ffffffff   .\Wl............
0x000000981a1fe760:   0000000000000000 00007ffa6c432479   ........y$Cl....
0x000000981a1fe770:   00000288e333e418 0000000000000000   ..3.............
0x000000981a1fe780:   000000981a1fe7e9 00000288e32a4af0   .........J*.....
0x000000981a1fe790:   00000000000020c0 00007ffa6c3ed1fd   . ........>l....
0x000000981a1fe7a0:   0000028880970040 00000288e333e418   @.........3.....
0x000000981a1fe7b0:   0000028880970040 00007ffa6c575c80   @........\Wl....
0x000000981a1fe7c0:   0000000000989680 00007ffa6c520058   ........X.Rl....
0x000000981a1fe7d0:   0000000000000000 00000288c7da4840   ........@H......
0x000000981a1fe7e0:   00000288c7da4b60 00000288c7da4b60   `K......`K......
0x000000981a1fe7f0:   00000288e333e418 00007ffa6c575c80   ..3......\Wl....
0x000000981a1fe800:   00000288e32ba768 000000981a1fe978   h.+.....x.......
0x000000981a1fe810:   000000981a1feab0 0000000000008840   ........@.......
0x000000981a1fe820:   00007ffa6c568080 00007ffa6c575cd0   ..Vl.....\Wl....
0x000000981a1fe830:   0000000000989680 0000000000989680   ................
0x000000981a1fe840:   000000981a1fe950 00007ffa6c42d061   P.......a.Bl....
0x000000981a1fe850:   00007ffa6c575c80 00007ffa6c575cd8   .\Wl.....\Wl....
0x000000981a1fe860:   00007ffa00000000 001eda2000000001   ............ ...

Instructions: (pc=0x00007ffa6c432abb)
  0x00007ffa6c4329bb:   cc cc cc cc cc cc cc cc cc cc cc cc cc cc cc cc
  0x00007ffa6c4329cb:   cc cc cc cc cc cc cc cc cc cc cc cc cc cc cc cc
  0x00007ffa6c4329db:   cc cc cc cc cc cc cc cc cc cc cc cc cc cc cc cc
  0x00007ffa6c4329eb:   cc cc cc cc cc cc cc cc cc cc cc cc cc cc cc cc
  0x00007ffa6c4329fb:   cc cc cc cc cc cc cc cc cc cc cc cc cc cc cc cc
  0x00007ffa6c432a0b:   cc cc cc cc cc cc cc cc cc cc cc cc cc cc cc cc
  0x00007ffa6c432a1b:   cc cc cc cc cc cc cc cc cc cc cc cc cc cc cc cc
  0x00007ffa6c432a2b:   cc cc cc cc cc cc cc cc cc cc cc cc cc cc cc cc
  0x00007ffa6c432a3b:   cc cc cc cc cc cc cc cc cc cc cc cc cc cc cc cc
  0x00007ffa6c432a4b:   cc cc cc cc cc 48 89 5c 24 08 57 48 83 ec 20 48
  0x00007ffa6c432a5b:   8b f9 48 8d 54 24 38 48 8b 0d e7 33 14 00 41 b8
  0x00007ffa6c432a6b:   06 00 01 00 48 8b 01 4c 8b 48 30 41 ff d1 4c 8b
  0x00007ffa6c432a7b:   05 e0 34 14 00 33 c9 85 c0 48 0f 44 4c 24 38 4d
  0x00007ffa6c432a8b:   85 c0 74 4a 48 8b 01 48 8b d7 4c 8b 88 28 03 00
  0x00007ffa6c432a9b:   00 41 ff d1 48 85 c0 74 35 48 63 0d 01 f3 13 00
  0x00007ffa6c432aab:   48 8b 14 01 48 85 d2 74 15 48 63 05 05 f3 13 00
=>0x00007ffa6c432abb:   8b 04 10 48 8b 5c 24 30 48 83 c4 20 5f c3 b8 ff
  0x00007ffa6c432acb:   ff ff ff 48 8b 5c 24 30 48 83 c4 20 5f c3 80 3d
  0x00007ffa6c432adb:   84 33 14 00 00 bb ff ff ff ff 74 20 4c 8b 0d 2a
  0x00007ffa6c432aeb:   30 14 00 4c 8d 44 24 38 48 8b 0d 0e 30 14 00 48
  0x00007ffa6c432afb:   8b d7 41 ff d1 85 c0 0f 44 5c 24 38 8b c3 48 8b
  0x00007ffa6c432b0b:   5c 24 30 48 83 c4 20 5f c3 cc cc cc cc cc cc cc
  0x00007ffa6c432b1b:   cc cc cc cc cc cc cc cc cc cc cc cc cc cc cc cc
  0x00007ffa6c432b2b:   cc cc cc cc cc cc cc cc cc cc cc cc cc cc cc cc
  0x00007ffa6c432b3b:   cc cc cc cc cc cc cc cc cc cc cc cc cc cc cc cc
  0x00007ffa6c432b4b:   cc cc cc cc cc 48 89 54 24 10 53 55 56 57 41 56
  0x00007ffa6c432b5b:   41 57 48 83 ec 28 48 8b f2 4c 8b f1 48 89 4c 24
  0x00007ffa6c432b6b:   78 45 33 ff 44 89 7c 24 68 c7 44 24 60 01 00 00
  0x00007ffa6c432b7b:   00 48 8d 4c 24 68 e8 88 3f f7 ff 8b d8 48 8d 4c
  0x00007ffa6c432b8b:   24 60 e8 7c 3f f7 ff 8b e8 49 8b ce e8 2d f8 f6
  0x00007ffa6c432b9b:   ff 48 8b f8 90 8b c3 f0 0f b1 2f 74 04 f3 90 eb
  0x00007ffa6c432bab:   f4 4c 89 3e 4c 89 7e 08 4c 89 7e 10 49 8b 6e 08


Stack slot to memory mapping:

stack at sp + 0 slots: 0x00000288c600c648 points into unknown readable memory: 0x000000008c301ed8 | d8 1e 30 8c 00 00 00 00
stack at sp + 1 slots: 0x00000288e333e418 points into unknown readable memory: 0x00007ff9fe2859e0 | e0 59 28 fe f9 7f 00 00
stack at sp + 2 slots: 0x0 is null
stack at sp + 3 slots: 0x00000288e333e7a0 points into unknown readable memory: 0x6e616c2e6176616a | 6a 61 76 61 2e 6c 61 6e
stack at sp + 4 slots: 0x0000000000000019 is an unknown value
stack at sp + 5 slots: 0x00007ffa6c432f9b libasyncProfiler.dll
stack at sp + 6 slots: 0x0 is null
stack at sp + 7 slots: 0x00000288e333e418 points into unknown readable memory: 0x00007ff9fe2859e0 | e0 59 28 fe f9 7f 00 00

Lock stack of current Java thread (top to bottom):


---------------  P R O C E S S  ---------------

Threads class SMR info:
_java_thread_list=0x00000288c7e8a160, length=14, elements={
0x00000288e333e050, 0x0000028880529500, 0x000002888052a030, 0x000002888052f5e0,
0x0000028880530110, 0x00000288805327c0, 0x000002888053e400, 0x0000028880548f80,
0x000002888054c290, 0x0000028880768db0, 0x00000288807a47a0, 0x00000288c6def990,
0x00000288c77c5ea0, 0x00000288c7e8a6a0
}

Java Threads: ( => current thread )
=>0x00000288e333e050 JavaThread "main"                              [_thread_in_native, id=7632, stack(0x000000981a100000,0x000000981a200000) (1024K)]
  0x0000028880529500 JavaThread "Reference Handler"          daemon [_thread_blocked, id=18536, stack(0x000000981aa00000,0x000000981ab00000) (1024K)]
  0x000002888052a030 JavaThread "Finalizer"                  daemon [_thread_blocked, id=22488, stack(0x000000981ab00000,0x000000981ac00000) (1024K)]
  0x000002888052f5e0 JavaThread "Signal Dispatcher"          daemon [_thread_blocked, id=19844, stack(0x000000981ac00000,0x000000981ad00000) (1024K)]
  0x0000028880530110 JavaThread "Attach Listener"            daemon [_thread_blocked, id=13576, stack(0x000000981ad00000,0x000000981ae00000) (1024K)]
  0x00000288805327c0 JavaThread "Service Thread"             daemon [_thread_blocked, id=19804, stack(0x000000981ae00000,0x000000981af00000) (1024K)]
  0x000002888053e400 JavaThread "Monitor Deflation Thread"   daemon [_thread_blocked, id=6504, stack(0x000000981af00000,0x000000981b000000) (1024K)]
  0x0000028880548f80 JavaThread "C2 CompilerThread0"         daemon [_thread_blocked, id=11432, stack(0x000000981b000000,0x000000981b100000) (1024K)]
  0x000002888054c290 JavaThread "C1 CompilerThread0"         daemon [_thread_blocked, id=1232, stack(0x000000981b100000,0x000000981b200000) (1024K)]
  0x0000028880768db0 JavaThread "Common-Cleaner"             daemon [_thread_blocked, id=9780, stack(0x000000981b200000,0x000000981b300000) (1024K)]
  0x00000288807a47a0 JavaThread "Monitor Ctrl-Break"         daemon [_thread_in_native, id=6932, stack(0x000000981b300000,0x000000981b400000) (1024K)]
  0x00000288c6def990 JavaThread "JFR Recorder Thread"        daemon [_thread_in_native, id=11144, stack(0x000000981b500000,0x000000981b600000) (1024K)]
  0x00000288c77c5ea0 JavaThread "C2 CompilerThread1"         daemon [_thread_blocked, id=9848, stack(0x000000981b400000,0x000000981b500000) (1024K)]
  0x00000288c7e8a6a0 JavaThread "JFR Periodic Tasks"         daemon [_thread_blocked, id=22060, stack(0x000000981b600000,0x000000981b700000) (1024K)]
Total: 14

Other Threads:
  0x00000288e2fd87d0 VMThread "VM Thread"                           [id=20424, stack(0x000000981a900000,0x000000981aa00000) (1024K)]
  0x000002888051c0c0 WatcherThread "VM Periodic Task Thread"        [id=1072, stack(0x000000981a800000,0x000000981a900000) (1024K)]
  0x00000288e2eb07d0 WorkerThread "GC Thread#0"                     [id=21328, stack(0x000000981a300000,0x000000981a400000) (1024K)]
  0x00000288e2ede990 ConcurrentGCThread "G1 Main Marker"            [id=6540, stack(0x000000981a400000,0x000000981a500000) (1024K)]
  0x00000288e2ee1c70 WorkerThread "G1 Conc#0"                       [id=18824, stack(0x000000981a500000,0x000000981a600000) (1024K)]
  0x00000288e2f71f90 ConcurrentGCThread "G1 Refine#0"               [id=21044, stack(0x000000981a600000,0x000000981a700000) (1024K)]
  0x00000288e2f75e50 ConcurrentGCThread "G1 Service"                [id=19036, stack(0x000000981a700000,0x000000981a800000) (1024K)]
Total: 7

Threads with active compile tasks:
Total: 0

VM state: not at safepoint (normal execution)

VM Mutex/Monitor currently owned by a thread: None

Heap address: 0x0000000084800000, size: 1976 MB, Compressed Oops mode: 32-bit

CDS archive(s) mapped at: [0x0000028881000000-0x0000028881d40000-0x0000028881d40000), size 13893632, SharedBaseAddress: 0x0000028881000000, ArchiveRelocationMode: 1.
Compressed class space mapped at: 0x0000028882000000-0x00000288c2000000, reserved size: 1073741824
UseCompressedClassPointers 1, UseCompactObjectHeaders 0
Narrow klass pointer bits 32, Max shift 3
Narrow klass base: 0x0000028881000000, Narrow klass shift: 0
Encoding Range: [0x0000028881000000 - 0x0000028981000000), (4294967296 bytes)
Klass Range:    [0x0000028881000000 - 0x00000288c2000000), (1090519040 bytes)
Klass ID Range:  [8 - 1090519033) (1090519025)

GC Precious Log:
 CardTable entry size: 512
 Card Set container configuration: InlinePtr #cards 5 size 8 Array Of Cards #cards 10 size 36 Howl #buckets 4 coarsen threshold 1843 Howl Bitmap #cards 512 size 80 coarsen threshold 460 Card regions per heap region 1 cards per card region 2048
 CPUs: 4 total, 4 available
 Memory: 7898M
 Large Page Support: Disabled
 NUMA Support: Disabled
 Compressed Oops: Enabled (32-bit)
 Heap Region Size: 1M
 Heap Min Capacity: 8M
 Heap Initial Capacity: 124M
 Heap Max Capacity: 1976M
 Pre-touch: Disabled
 Parallel Workers: 4
 Concurrent Workers: 1
 Concurrent Refinement Workers: 4
 Periodic GC: Disabled

Heap:
 garbage-first heap   total reserved 2023424K, committed 129024K, used 29808K [0x0000000084800000, 0x0000000100000000)
  region size 1024K, 25 young (25600K), 0 survivors (0K)
 Metaspace       used 3606K, committed 3776K, reserved 1114112K
  class space    used 304K, committed 384K, reserved 1048576K

Heap Regions: E=young(eden), S=young(survivor), O=old, HS=humongous(starts), HC=humongous(continues), CS=collection set, F=free, TAMS=top-at-mark-start, PB=parsable bottom
|   0|0x0000000084800000, 0x0000000084900000, 0x0000000084900000|100%|HS|  |TAMS 0x0000000084800000| PB 0x0000000084800000| Complete |  0
|   1|0x0000000084900000, 0x0000000084a00000, 0x0000000084a00000|100%|HS|  |TAMS 0x0000000084900000| PB 0x0000000084900000| Complete |  0
|   2|0x0000000084a00000, 0x0000000084b00000, 0x0000000084b00000|100%|HS|  |TAMS 0x0000000084a00000| PB 0x0000000084a00000| Complete |  0
|   3|0x0000000084b00000, 0x0000000084c00000, 0x0000000084c00000|100%|HS|  |TAMS 0x0000000084b00000| PB 0x0000000084b00000| Complete |  0
|   4|0x0000000084c00000, 0x0000000084c00000, 0x0000000084d00000|  0%| F|  |TAMS 0x0000000084c00000| PB 0x0000000084c00000| Untracked |  0
|   5|0x0000000084d00000, 0x0000000084d00000, 0x0000000084e00000|  0%| F|  |TAMS 0x0000000084d00000| PB 0x0000000084d00000| Untracked |  0
|   6|0x0000000084e00000, 0x0000000084e00000, 0x0000000084f00000|  0%| F|  |TAMS 0x0000000084e00000| PB 0x0000000084e00000| Untracked |  0
|   7|0x0000000084f00000, 0x0000000084f00000, 0x0000000085000000|  0%| F|  |TAMS 0x0000000084f00000| PB 0x0000000084f00000| Untracked |  0
|   8|0x0000000085000000, 0x0000000085000000, 0x0000000085100000|  0%| F|  |TAMS 0x0000000085000000| PB 0x0000000085000000| Untracked |  0
|   9|0x0000000085100000, 0x0000000085100000, 0x0000000085200000|  0%| F|  |TAMS 0x0000000085100000| PB 0x0000000085100000| Untracked |  0
|  10|0x0000000085200000, 0x0000000085200000, 0x0000000085300000|  0%| F|  |TAMS 0x0000000085200000| PB 0x0000000085200000| Untracked |  0
|  11|0x0000000085300000, 0x0000000085300000, 0x0000000085400000|  0%| F|  |TAMS 0x0000000085300000| PB 0x0000000085300000| Untracked |  0
|  12|0x0000000085400000, 0x0000000085400000, 0x0000000085500000|  0%| F|  |TAMS 0x0000000085400000| PB 0x0000000085400000| Untracked |  0
|  13|0x0000000085500000, 0x0000000085500000, 0x0000000085600000|  0%| F|  |TAMS 0x0000000085500000| PB 0x0000000085500000| Untracked |  0
|  14|0x0000000085600000, 0x0000000085600000, 0x0000000085700000|  0%| F|  |TAMS 0x0000000085600000| PB 0x0000000085600000| Untracked |  0
|  15|0x0000000085700000, 0x0000000085700000, 0x0000000085800000|  0%| F|  |TAMS 0x0000000085700000| PB 0x0000000085700000| Untracked |  0
|  16|0x0000000085800000, 0x0000000085800000, 0x0000000085900000|  0%| F|  |TAMS 0x0000000085800000| PB 0x0000000085800000| Untracked |  0
|  17|0x0000000085900000, 0x0000000085900000, 0x0000000085a00000|  0%| F|  |TAMS 0x0000000085900000| PB 0x0000000085900000| Untracked |  0
|  18|0x0000000085a00000, 0x0000000085a00000, 0x0000000085b00000|  0%| F|  |TAMS 0x0000000085a00000| PB 0x0000000085a00000| Untracked |  0
|  19|0x0000000085b00000, 0x0000000085b00000, 0x0000000085c00000|  0%| F|  |TAMS 0x0000000085b00000| PB 0x0000000085b00000| Untracked |  0
|  20|0x0000000085c00000, 0x0000000085c00000, 0x0000000085d00000|  0%| F|  |TAMS 0x0000000085c00000| PB 0x0000000085c00000| Untracked |  0
|  21|0x0000000085d00000, 0x0000000085d00000, 0x0000000085e00000|  0%| F|  |TAMS 0x0000000085d00000| PB 0x0000000085d00000| Untracked |  0
|  22|0x0000000085e00000, 0x0000000085e00000, 0x0000000085f00000|  0%| F|  |TAMS 0x0000000085e00000| PB 0x0000000085e00000| Untracked |  0
|  23|0x0000000085f00000, 0x0000000085f00000, 0x0000000086000000|  0%| F|  |TAMS 0x0000000085f00000| PB 0x0000000085f00000| Untracked |  0
|  24|0x0000000086000000, 0x0000000086000000, 0x0000000086100000|  0%| F|  |TAMS 0x0000000086000000| PB 0x0000000086000000| Untracked |  0
|  25|0x0000000086100000, 0x0000000086100000, 0x0000000086200000|  0%| F|  |TAMS 0x0000000086100000| PB 0x0000000086100000| Untracked |  0
|  26|0x0000000086200000, 0x0000000086200000, 0x0000000086300000|  0%| F|  |TAMS 0x0000000086200000| PB 0x0000000086200000| Untracked |  0
|  27|0x0000000086300000, 0x0000000086300000, 0x0000000086400000|  0%| F|  |TAMS 0x0000000086300000| PB 0x0000000086300000| Untracked |  0
|  28|0x0000000086400000, 0x0000000086400000, 0x0000000086500000|  0%| F|  |TAMS 0x0000000086400000| PB 0x0000000086400000| Untracked |  0
|  29|0x0000000086500000, 0x0000000086500000, 0x0000000086600000|  0%| F|  |TAMS 0x0000000086500000| PB 0x0000000086500000| Untracked |  0
|  30|0x0000000086600000, 0x0000000086600000, 0x0000000086700000|  0%| F|  |TAMS 0x0000000086600000| PB 0x0000000086600000| Untracked |  0
|  31|0x0000000086700000, 0x0000000086700000, 0x0000000086800000|  0%| F|  |TAMS 0x0000000086700000| PB 0x0000000086700000| Untracked |  0
|  32|0x0000000086800000, 0x0000000086800000, 0x0000000086900000|  0%| F|  |TAMS 0x0000000086800000| PB 0x0000000086800000| Untracked |  0
|  33|0x0000000086900000, 0x0000000086900000, 0x0000000086a00000|  0%| F|  |TAMS 0x0000000086900000| PB 0x0000000086900000| Untracked |  0
|  34|0x0000000086a00000, 0x0000000086a00000, 0x0000000086b00000|  0%| F|  |TAMS 0x0000000086a00000| PB 0x0000000086a00000| Untracked |  0
|  35|0x0000000086b00000, 0x0000000086b00000, 0x0000000086c00000|  0%| F|  |TAMS 0x0000000086b00000| PB 0x0000000086b00000| Untracked |  0
|  36|0x0000000086c00000, 0x0000000086c00000, 0x0000000086d00000|  0%| F|  |TAMS 0x0000000086c00000| PB 0x0000000086c00000| Untracked |  0
|  37|0x0000000086d00000, 0x0000000086d00000, 0x0000000086e00000|  0%| F|  |TAMS 0x0000000086d00000| PB 0x0000000086d00000| Untracked |  0
|  38|0x0000000086e00000, 0x0000000086e00000, 0x0000000086f00000|  0%| F|  |TAMS 0x0000000086e00000| PB 0x0000000086e00000| Untracked |  0
|  39|0x0000000086f00000, 0x0000000086f00000, 0x0000000087000000|  0%| F|  |TAMS 0x0000000086f00000| PB 0x0000000086f00000| Untracked |  0
|  40|0x0000000087000000, 0x0000000087000000, 0x0000000087100000|  0%| F|  |TAMS 0x0000000087000000| PB 0x0000000087000000| Untracked |  0
|  41|0x0000000087100000, 0x0000000087100000, 0x0000000087200000|  0%| F|  |TAMS 0x0000000087100000| PB 0x0000000087100000| Untracked |  0
|  42|0x0000000087200000, 0x0000000087200000, 0x0000000087300000|  0%| F|  |TAMS 0x0000000087200000| PB 0x0000000087200000| Untracked |  0
|  43|0x0000000087300000, 0x0000000087300000, 0x0000000087400000|  0%| F|  |TAMS 0x0000000087300000| PB 0x0000000087300000| Untracked |  0
|  44|0x0000000087400000, 0x0000000087400000, 0x0000000087500000|  0%| F|  |TAMS 0x0000000087400000| PB 0x0000000087400000| Untracked |  0
|  45|0x0000000087500000, 0x0000000087500000, 0x0000000087600000|  0%| F|  |TAMS 0x0000000087500000| PB 0x0000000087500000| Untracked |  0
|  46|0x0000000087600000, 0x0000000087600000, 0x0000000087700000|  0%| F|  |TAMS 0x0000000087600000| PB 0x0000000087600000| Untracked |  0
|  47|0x0000000087700000, 0x0000000087700000, 0x0000000087800000|  0%| F|  |TAMS 0x0000000087700000| PB 0x0000000087700000| Untracked |  0
|  48|0x0000000087800000, 0x0000000087800000, 0x0000000087900000|  0%| F|  |TAMS 0x0000000087800000| PB 0x0000000087800000| Untracked |  0
|  49|0x0000000087900000, 0x0000000087900000, 0x0000000087a00000|  0%| F|  |TAMS 0x0000000087900000| PB 0x0000000087900000| Untracked |  0
|  50|0x0000000087a00000, 0x0000000087a00000, 0x0000000087b00000|  0%| F|  |TAMS 0x0000000087a00000| PB 0x0000000087a00000| Untracked |  0
|  51|0x0000000087b00000, 0x0000000087b00000, 0x0000000087c00000|  0%| F|  |TAMS 0x0000000087b00000| PB 0x0000000087b00000| Untracked |  0
|  52|0x0000000087c00000, 0x0000000087c00000, 0x0000000087d00000|  0%| F|  |TAMS 0x0000000087c00000| PB 0x0000000087c00000| Untracked |  0
|  53|0x0000000087d00000, 0x0000000087d00000, 0x0000000087e00000|  0%| F|  |TAMS 0x0000000087d00000| PB 0x0000000087d00000| Untracked |  0
|  54|0x0000000087e00000, 0x0000000087e00000, 0x0000000087f00000|  0%| F|  |TAMS 0x0000000087e00000| PB 0x0000000087e00000| Untracked |  0
|  55|0x0000000087f00000, 0x0000000087f00000, 0x0000000088000000|  0%| F|  |TAMS 0x0000000087f00000| PB 0x0000000087f00000| Untracked |  0
|  56|0x0000000088000000, 0x0000000088000000, 0x0000000088100000|  0%| F|  |TAMS 0x0000000088000000| PB 0x0000000088000000| Untracked |  0
|  57|0x0000000088100000, 0x0000000088100000, 0x0000000088200000|  0%| F|  |TAMS 0x0000000088100000| PB 0x0000000088100000| Untracked |  0
|  58|0x0000000088200000, 0x0000000088200000, 0x0000000088300000|  0%| F|  |TAMS 0x0000000088200000| PB 0x0000000088200000| Untracked |  0
|  59|0x0000000088300000, 0x0000000088300000, 0x0000000088400000|  0%| F|  |TAMS 0x0000000088300000| PB 0x0000000088300000| Untracked |  0
|  60|0x0000000088400000, 0x0000000088400000, 0x0000000088500000|  0%| F|  |TAMS 0x0000000088400000| PB 0x0000000088400000| Untracked |  0
|  61|0x0000000088500000, 0x0000000088500000, 0x0000000088600000|  0%| F|  |TAMS 0x0000000088500000| PB 0x0000000088500000| Untracked |  0
|  62|0x0000000088600000, 0x0000000088600000, 0x0000000088700000|  0%| F|  |TAMS 0x0000000088600000| PB 0x0000000088600000| Untracked |  0
|  63|0x0000000088700000, 0x0000000088700000, 0x0000000088800000|  0%| F|  |TAMS 0x0000000088700000| PB 0x0000000088700000| Untracked |  0
|  64|0x0000000088800000, 0x0000000088800000, 0x0000000088900000|  0%| F|  |TAMS 0x0000000088800000| PB 0x0000000088800000| Untracked |  0
|  65|0x0000000088900000, 0x0000000088900000, 0x0000000088a00000|  0%| F|  |TAMS 0x0000000088900000| PB 0x0000000088900000| Untracked |  0
|  66|0x0000000088a00000, 0x0000000088a00000, 0x0000000088b00000|  0%| F|  |TAMS 0x0000000088a00000| PB 0x0000000088a00000| Untracked |  0
|  67|0x0000000088b00000, 0x0000000088b00000, 0x0000000088c00000|  0%| F|  |TAMS 0x0000000088b00000| PB 0x0000000088b00000| Untracked |  0
|  68|0x0000000088c00000, 0x0000000088c00000, 0x0000000088d00000|  0%| F|  |TAMS 0x0000000088c00000| PB 0x0000000088c00000| Untracked |  0
|  69|0x0000000088d00000, 0x0000000088d00000, 0x0000000088e00000|  0%| F|  |TAMS 0x0000000088d00000| PB 0x0000000088d00000| Untracked |  0
|  70|0x0000000088e00000, 0x0000000088e00000, 0x0000000088f00000|  0%| F|  |TAMS 0x0000000088e00000| PB 0x0000000088e00000| Untracked |  0
|  71|0x0000000088f00000, 0x0000000088f00000, 0x0000000089000000|  0%| F|  |TAMS 0x0000000088f00000| PB 0x0000000088f00000| Untracked |  0
|  72|0x0000000089000000, 0x0000000089000000, 0x0000000089100000|  0%| F|  |TAMS 0x0000000089000000| PB 0x0000000089000000| Untracked |  0
|  73|0x0000000089100000, 0x0000000089100000, 0x0000000089200000|  0%| F|  |TAMS 0x0000000089100000| PB 0x0000000089100000| Untracked |  0
|  74|0x0000000089200000, 0x0000000089200000, 0x0000000089300000|  0%| F|  |TAMS 0x0000000089200000| PB 0x0000000089200000| Untracked |  0
|  75|0x0000000089300000, 0x0000000089300000, 0x0000000089400000|  0%| F|  |TAMS 0x0000000089300000| PB 0x0000000089300000| Untracked |  0
|  76|0x0000000089400000, 0x0000000089400000, 0x0000000089500000|  0%| F|  |TAMS 0x0000000089400000| PB 0x0000000089400000| Untracked |  0
|  77|0x0000000089500000, 0x0000000089500000, 0x0000000089600000|  0%| F|  |TAMS 0x0000000089500000| PB 0x0000000089500000| Untracked |  0
|  78|0x0000000089600000, 0x0000000089600000, 0x0000000089700000|  0%| F|  |TAMS 0x0000000089600000| PB 0x0000000089600000| Untracked |  0
|  79|0x0000000089700000, 0x0000000089700000, 0x0000000089800000|  0%| F|  |TAMS 0x0000000089700000| PB 0x0000000089700000| Untracked |  0
|  80|0x0000000089800000, 0x0000000089800000, 0x0000000089900000|  0%| F|  |TAMS 0x0000000089800000| PB 0x0000000089800000| Untracked |  0
|  81|0x0000000089900000, 0x0000000089900000, 0x0000000089a00000|  0%| F|  |TAMS 0x0000000089900000| PB 0x0000000089900000| Untracked |  0
|  82|0x0000000089a00000, 0x0000000089a00000, 0x0000000089b00000|  0%| F|  |TAMS 0x0000000089a00000| PB 0x0000000089a00000| Untracked |  0
|  83|0x0000000089b00000, 0x0000000089b00000, 0x0000000089c00000|  0%| F|  |TAMS 0x0000000089b00000| PB 0x0000000089b00000| Untracked |  0
|  84|0x0000000089c00000, 0x0000000089c00000, 0x0000000089d00000|  0%| F|  |TAMS 0x0000000089c00000| PB 0x0000000089c00000| Untracked |  0
|  85|0x0000000089d00000, 0x0000000089d00000, 0x0000000089e00000|  0%| F|  |TAMS 0x0000000089d00000| PB 0x0000000089d00000| Untracked |  0
|  86|0x0000000089e00000, 0x0000000089e00000, 0x0000000089f00000|  0%| F|  |TAMS 0x0000000089e00000| PB 0x0000000089e00000| Untracked |  0
|  87|0x0000000089f00000, 0x0000000089f00000, 0x000000008a000000|  0%| F|  |TAMS 0x0000000089f00000| PB 0x0000000089f00000| Untracked |  0
|  88|0x000000008a000000, 0x000000008a000000, 0x000000008a100000|  0%| F|  |TAMS 0x000000008a000000| PB 0x000000008a000000| Untracked |  0
|  89|0x000000008a100000, 0x000000008a100000, 0x000000008a200000|  0%| F|  |TAMS 0x000000008a100000| PB 0x000000008a100000| Untracked |  0
|  90|0x000000008a200000, 0x000000008a200000, 0x000000008a300000|  0%| F|  |TAMS 0x000000008a200000| PB 0x000000008a200000| Untracked |  0
|  91|0x000000008a300000, 0x000000008a300000, 0x000000008a400000|  0%| F|  |TAMS 0x000000008a300000| PB 0x000000008a300000| Untracked |  0
|  92|0x000000008a400000, 0x000000008a400000, 0x000000008a500000|  0%| F|  |TAMS 0x000000008a400000| PB 0x000000008a400000| Untracked |  0
|  93|0x000000008a500000, 0x000000008a500000, 0x000000008a600000|  0%| F|  |TAMS 0x000000008a500000| PB 0x000000008a500000| Untracked |  0
|  94|0x000000008a600000, 0x000000008a600000, 0x000000008a700000|  0%| F|  |TAMS 0x000000008a600000| PB 0x000000008a600000| Untracked |  0
|  95|0x000000008a700000, 0x000000008a700000, 0x000000008a800000|  0%| F|  |TAMS 0x000000008a700000| PB 0x000000008a700000| Untracked |  0
|  96|0x000000008a800000, 0x000000008a800000, 0x000000008a900000|  0%| F|  |TAMS 0x000000008a800000| PB 0x000000008a800000| Untracked |  0
|  97|0x000000008a900000, 0x000000008a900000, 0x000000008aa00000|  0%| F|  |TAMS 0x000000008a900000| PB 0x000000008a900000| Untracked |  0
|  98|0x000000008aa00000, 0x000000008aa00000, 0x000000008ab00000|  0%| F|  |TAMS 0x000000008aa00000| PB 0x000000008aa00000| Untracked |  0
|  99|0x000000008ab00000, 0x000000008ac00000, 0x000000008ac00000|100%| E|  |TAMS 0x000000008ab00000| PB 0x000000008ab00000| Complete |  0
| 100|0x000000008ac00000, 0x000000008ad00000, 0x000000008ad00000|100%| E|CS|TAMS 0x000000008ac00000| PB 0x000000008ac00000| Complete |  0
| 101|0x000000008ad00000, 0x000000008ae00000, 0x000000008ae00000|100%| E|CS|TAMS 0x000000008ad00000| PB 0x000000008ad00000| Complete |  0
| 102|0x000000008ae00000, 0x000000008af00000, 0x000000008af00000|100%| E|CS|TAMS 0x000000008ae00000| PB 0x000000008ae00000| Complete |  0
| 103|0x000000008af00000, 0x000000008b000000, 0x000000008b000000|100%| E|CS|TAMS 0x000000008af00000| PB 0x000000008af00000| Complete |  0
| 104|0x000000008b000000, 0x000000008b100000, 0x000000008b100000|100%| E|CS|TAMS 0x000000008b000000| PB 0x000000008b000000| Complete |  0
| 105|0x000000008b100000, 0x000000008b200000, 0x000000008b200000|100%| E|CS|TAMS 0x000000008b100000| PB 0x000000008b100000| Complete |  0
| 106|0x000000008b200000, 0x000000008b300000, 0x000000008b300000|100%| E|CS|TAMS 0x000000008b200000| PB 0x000000008b200000| Complete |  0
| 107|0x000000008b300000, 0x000000008b400000, 0x000000008b400000|100%| E|CS|TAMS 0x000000008b300000| PB 0x000000008b300000| Complete |  0
| 108|0x000000008b400000, 0x000000008b500000, 0x000000008b500000|100%| E|CS|TAMS 0x000000008b400000| PB 0x000000008b400000| Complete |  0
| 109|0x000000008b500000, 0x000000008b600000, 0x000000008b600000|100%| E|CS|TAMS 0x000000008b500000| PB 0x000000008b500000| Complete |  0
| 110|0x000000008b600000, 0x000000008b700000, 0x000000008b700000|100%| E|CS|TAMS 0x000000008b600000| PB 0x000000008b600000| Complete |  0
| 111|0x000000008b700000, 0x000000008b800000, 0x000000008b800000|100%| E|CS|TAMS 0x000000008b700000| PB 0x000000008b700000| Complete |  0
| 112|0x000000008b800000, 0x000000008b900000, 0x000000008b900000|100%| E|CS|TAMS 0x000000008b800000| PB 0x000000008b800000| Complete |  0
| 113|0x000000008b900000, 0x000000008ba00000, 0x000000008ba00000|100%| E|CS|TAMS 0x000000008b900000| PB 0x000000008b900000| Complete |  0
| 114|0x000000008ba00000, 0x000000008bb00000, 0x000000008bb00000|100%| E|CS|TAMS 0x000000008ba00000| PB 0x000000008ba00000| Complete |  0
| 115|0x000000008bb00000, 0x000000008bc00000, 0x000000008bc00000|100%| E|CS|TAMS 0x000000008bb00000| PB 0x000000008bb00000| Complete |  0
| 116|0x000000008bc00000, 0x000000008bd00000, 0x000000008bd00000|100%| E|CS|TAMS 0x000000008bc00000| PB 0x000000008bc00000| Complete |  0
| 117|0x000000008bd00000, 0x000000008be00000, 0x000000008be00000|100%| E|CS|TAMS 0x000000008bd00000| PB 0x000000008bd00000| Complete |  0
| 118|0x000000008be00000, 0x000000008bf00000, 0x000000008bf00000|100%| E|CS|TAMS 0x000000008be00000| PB 0x000000008be00000| Complete |  0
| 119|0x000000008bf00000, 0x000000008c000000, 0x000000008c000000|100%| E|CS|TAMS 0x000000008bf00000| PB 0x000000008bf00000| Complete |  0
| 120|0x000000008c000000, 0x000000008c100000, 0x000000008c100000|100%| E|CS|TAMS 0x000000008c000000| PB 0x000000008c000000| Complete |  0
| 121|0x000000008c100000, 0x000000008c200000, 0x000000008c200000|100%| E|CS|TAMS 0x000000008c100000| PB 0x000000008c100000| Complete |  0
| 122|0x000000008c200000, 0x000000008c300000, 0x000000008c300000|100%| E|CS|TAMS 0x000000008c200000| PB 0x000000008c200000| Complete |  0
| 123|0x000000008c300000, 0x000000008c400000, 0x000000008c400000|100%| E|CS|TAMS 0x000000008c300000| PB 0x000000008c300000| Complete |  0
|1974|0x00000000ffe00000, 0x00000000fff00000, 0x00000000fff00000|100%| O|  |TAMS 0x00000000ffe00000| PB 0x00000000ffe00000| Untracked |  0
|1975|0x00000000fff00000, 0x00000000fff1c330, 0x0000000100000000| 11%| O|  |TAMS 0x00000000fff00000| PB 0x00000000fff00000| Untracked |  0

Card table byte_map: [0x00000288fbc90000,0x00000288fc070000] _byte_map_base: 0x00000288fb86c000

Marking Bits: (CMBitMap*) 0x00000288e2eb0df0
 Bits: [0x00000288fc070000, 0x00000288fdf50000)

Polling page: 0x00000288e0fb0000

Metaspace:

Usage:
  Non-class:      3.22 MB used.
      Class:    304.37 KB used.
       Both:      3.52 MB used.

Virtual space:
  Non-class space:       64.00 MB reserved,       3.31 MB (  5%) committed,  1 nodes.
      Class space:        1.00 GB reserved,     384.00 KB ( <1%) committed,  1 nodes.
             Both:        1.06 GB reserved,       3.69 MB ( <1%) committed. 

Chunk freelists:
   Non-Class:  11.92 MB
       Class:  15.59 MB
        Both:  27.51 MB

MaxMetaspaceSize: unlimited
CompressedClassSpaceSize: 1.00 GB
Initial GC threshold: 21.00 MB
Current GC threshold: 21.00 MB
CDS: on
 - commit_granule_bytes: 65536.
 - commit_granule_words: 8192.
 - virtual_space_node_default_size: 8388608.
 - enlarge_chunks_in_place: 1.
UseCompressedClassPointers 1, UseCompactObjectHeaders 0
Narrow klass pointer bits 32, Max shift 3
Narrow klass base: 0x0000028881000000, Narrow klass shift: 0
Encoding Range: [0x0000028881000000 - 0x0000028981000000), (4294967296 bytes)
Klass Range:    [0x0000028881000000 - 0x00000288c2000000), (1090519040 bytes)
Klass ID Range:  [8 - 1090519033) (1090519025)


Internal statistics:

num_allocs_failed_limit: 0.
num_arena_births: 68.
num_arena_deaths: 0.
num_vsnodes_births: 2.
num_vsnodes_deaths: 0.
num_space_committed: 59.
num_space_uncommitted: 0.
num_chunks_returned_to_freelist: 0.
num_chunks_taken_from_freelist: 74.
num_chunk_merges: 0.
num_chunk_splits: 52.
num_chunks_enlarged: 33.
num_inconsistent_stats: 0.

CodeHeap 'non-profiled nmethods': size=120064Kb used=497Kb max_used=497Kb free=119566Kb
 bounds [0x00000288f4030000, 0x00000288f42a0000, 0x00000288fb570000]
CodeHeap 'profiled nmethods': size=120000Kb used=2039Kb max_used=2039Kb free=117960Kb
 bounds [0x00000288ec570000, 0x00000288ec7e0000, 0x00000288f3aa0000]
CodeHeap 'non-nmethods': size=5696Kb used=1282Kb max_used=1342Kb free=4413Kb
 bounds [0x00000288f3aa0000, 0x00000288f3d10000, 0x00000288f4030000]
CodeCache: size=245760Kb, used=3818Kb, max_used=3878Kb, free=241939Kb
 total_blobs=1898, nmethods=1446, adapters=358, full_count=0
Compilation: enabled, stopped_count=0, restarted_count=0

Compilation events (20 events):
Event: 3.793 Thread 0x000002888054c290 1442       2       jdk.internal.classfile.impl.SplitConstantPool::internalAdd (78 bytes)
Event: 3.793 Thread 0x000002888054c290 nmethod 1442 0x00000288ec76ca08 code [0x00000288ec76cb80, 0x00000288ec76cf90]
Event: 3.794 Thread 0x000002888054c290 1443       1       jdk.jfr.internal.periodic.PeriodicTask::getPeriod (5 bytes)
Event: 3.795 Thread 0x000002888054c290 nmethod 1443 0x00000288f40a2708 code [0x00000288f40a2800, 0x00000288f40a28c8]
Event: 3.795 Thread 0x000002888054c290 1445       3       java.util.Comparator::lambda$comparingLong$6043328a$1 (18 bytes)
Event: 3.795 Thread 0x000002888054c290 nmethod 1445 0x00000288ec76d008 code [0x00000288ec76d160, 0x00000288ec76d558]
Event: 3.795 Thread 0x000002888054c290 1444       3       java.util.Comparator$$Lambda/0x0000028882073f88::compare (10 bytes)
Event: 3.795 Thread 0x000002888054c290 nmethod 1444 0x00000288ec76d588 code [0x00000288ec76d6e0, 0x00000288ec76db68]
Event: 3.795 Thread 0x000002888054c290 1446       3       jdk.jfr.internal.Logger::shouldLog (17 bytes)
Event: 3.796 Thread 0x000002888054c290 nmethod 1446 0x00000288ec76db88 code [0x00000288ec76dca0, 0x00000288ec76dde8]
Event: 3.814 Thread 0x00000288c77c5ea0 nmethod 1401 0x00000288f40a2a08 code [0x00000288f40a2cc0, 0x00000288f40a4628]
Event: 3.815 Thread 0x00000288c77c5ea0 1409  s    4       java.io.ByteArrayOutputStream::write (32 bytes)
Event: 3.817 Thread 0x0000028880548f80 nmethod 1413 0x00000288f40a4708 code [0x00000288f40a4a20, 0x00000288f40a8be0]
Event: 3.818 Thread 0x0000028880548f80 1411  s    4       java.io.DataOutputStream::write (14 bytes)
Event: 3.820 Thread 0x00000288c77c5ea0 nmethod 1409 0x00000288f40a8c88 code [0x00000288f40a8dc0, 0x00000288f40a92c8]
Event: 3.820 Thread 0x00000288c77c5ea0 1412       4       jdk.jfr.internal.MetadataWriter::writeInt (148 bytes)
Event: 3.824 Thread 0x0000028880548f80 nmethod 1411 0x00000288f40a9308 code [0x00000288f40a9460, 0x00000288f40a9cd0]
Event: 3.824 Thread 0x0000028880548f80 1415       4       java.util.LinkedHashMap::get (29 bytes)
Event: 3.839 Thread 0x0000028880548f80 nmethod 1415 0x00000288f40a9d08 code [0x00000288f40a9e80, 0x00000288f40aa670]
Event: 3.840 Thread 0x00000288c77c5ea0 nmethod 1412 0x00000288f40aa708 code [0x00000288f40aa900, 0x00000288f40ac438]

GC Heap History (0 events):
No events

Dll operation events (10 events):
Event: 0.546 Loaded shared library C:\Users\user\.jdks\corretto-24.0.2\bin\java.dll
Event: 0.595 Loaded shared library C:\Users\user\.jdks\corretto-24.0.2\bin\jsvml.dll
Event: 1.213 Loaded shared library C:\Users\user\.jdks\corretto-24.0.2\bin\zip.dll
Event: 1.221 Loaded shared library C:\Users\user\.jdks\corretto-24.0.2\bin\instrument.dll
Event: 1.239 Loaded shared library C:\Users\user\.jdks\corretto-24.0.2\bin\net.dll
Event: 1.243 Loaded shared library C:\Users\user\.jdks\corretto-24.0.2\bin\nio.dll
Event: 1.289 Loaded shared library C:\Users\user\.jdks\corretto-24.0.2\bin\zip.dll
Event: 1.339 Loaded shared library C:\Program Files\JetBrains\IntelliJ IDEA 2024.2.4\bin\breakgen64.dll
Event: 1.375 Loaded shared library C:\Users\user\.jdks\corretto-24.0.2\bin\extnet.dll
Event: 2.444 Loaded shared library C:\Users\user\.jdks\corretto-24.0.2\bin\jimage.dll

Deoptimization events (20 events):
Event: 3.545 Thread 0x00000288e333e050 Uncommon trap: trap_request=0xffffffde fr.pc=0x00000288f40827c8 relative=0x0000000000000568
Event: 3.545 Thread 0x00000288e333e050 Uncommon trap: reason=class_check action=maybe_recompile pc=0x00000288f40827c8 method=java.util.HashMap.getNode(Ljava/lang/Object;)Ljava/util/HashMap$Node; @ 128 c2
Event: 3.545 Thread 0x00000288e333e050 DEOPT PACKING pc=0x00000288f40827c8 sp=0x000000981a1fdb00
Event: 3.545 Thread 0x00000288e333e050 DEOPT UNPACKING pc=0x00000288f3bb3d02 sp=0x000000981a1fda88 mode 2
Event: 3.694 Thread 0x00000288e333e050 Uncommon trap: trap_request=0xffffffd6 fr.pc=0x00000288f40996b0 relative=0x00000000000006d0
Event: 3.694 Thread 0x00000288e333e050 Uncommon trap: reason=array_check action=maybe_recompile pc=0x00000288f40996b0 method=jdk.internal.classfile.impl.SplitConstantPool.internalAdd(Ljava/lang/classfile/constantpool/PoolEntry;I)Ljava/lang/classfile/constantpool/PoolEntry; @ 46 c2
Event: 3.694 Thread 0x00000288e333e050 DEOPT PACKING pc=0x00000288f40996b0 sp=0x000000981a1fd250
Event: 3.694 Thread 0x00000288e333e050 DEOPT UNPACKING pc=0x00000288f3bb3d02 sp=0x000000981a1fd200 mode 2
Event: 3.694 Thread 0x00000288e333e050 Uncommon trap: trap_request=0xffffffd6 fr.pc=0x00000288f40996b0 relative=0x00000000000006d0
Event: 3.694 Thread 0x00000288e333e050 Uncommon trap: reason=array_check action=maybe_recompile pc=0x00000288f40996b0 method=jdk.internal.classfile.impl.SplitConstantPool.internalAdd(Ljava/lang/classfile/constantpool/PoolEntry;I)Ljava/lang/classfile/constantpool/PoolEntry; @ 46 c2
Event: 3.694 Thread 0x00000288e333e050 DEOPT PACKING pc=0x00000288f40996b0 sp=0x000000981a1fd250
Event: 3.694 Thread 0x00000288e333e050 DEOPT UNPACKING pc=0x00000288f3bb3d02 sp=0x000000981a1fd200 mode 2
Event: 3.694 Thread 0x00000288e333e050 Uncommon trap: trap_request=0xffffffd6 fr.pc=0x00000288f40996b0 relative=0x00000000000006d0
Event: 3.694 Thread 0x00000288e333e050 Uncommon trap: reason=array_check action=maybe_recompile pc=0x00000288f40996b0 method=jdk.internal.classfile.impl.SplitConstantPool.internalAdd(Ljava/lang/classfile/constantpool/PoolEntry;I)Ljava/lang/classfile/constantpool/PoolEntry; @ 46 c2
Event: 3.694 Thread 0x00000288e333e050 DEOPT PACKING pc=0x00000288f40996b0 sp=0x000000981a1fd0c0
Event: 3.694 Thread 0x00000288e333e050 DEOPT UNPACKING pc=0x00000288f3bb3d02 sp=0x000000981a1fd070 mode 2
Event: 3.694 Thread 0x00000288e333e050 Uncommon trap: trap_request=0xffffffd6 fr.pc=0x00000288f40996b0 relative=0x00000000000006d0
Event: 3.694 Thread 0x00000288e333e050 Uncommon trap: reason=array_check action=maybe_recompile pc=0x00000288f40996b0 method=jdk.internal.classfile.impl.SplitConstantPool.internalAdd(Ljava/lang/classfile/constantpool/PoolEntry;I)Ljava/lang/classfile/constantpool/PoolEntry; @ 46 c2
Event: 3.694 Thread 0x00000288e333e050 DEOPT PACKING pc=0x00000288f40996b0 sp=0x000000981a1fd0a0
Event: 3.694 Thread 0x00000288e333e050 DEOPT UNPACKING pc=0x00000288f3bb3d02 sp=0x000000981a1fd050 mode 2

Classes loaded (20 events):
Event: 3.713 Loading class jdk/jfr/internal/MetadataWriter
Event: 3.714 Loading class jdk/jfr/internal/MetadataWriter done
Event: 3.714 Loading class jdk/jfr/internal/MetadataDescriptor$Element
Event: 3.714 Loading class jdk/jfr/internal/MetadataDescriptor$Element done
Event: 3.716 Loading class jdk/jfr/internal/MetadataDescriptor$Attribute
Event: 3.716 Loading class jdk/jfr/internal/MetadataDescriptor$Attribute done
Event: 3.741 Loading class jdk/jfr/internal/consumer/StringParser$Encoding
Event: 3.743 Loading class jdk/jfr/internal/consumer/StringParser$Encoding done
Event: 3.764 Loading class jdk/jfr/internal/consumer/RepositoryFiles
Event: 3.764 Loading class jdk/jfr/internal/consumer/RepositoryFiles done
Event: 3.768 Loading class jdk/jfr/internal/SettingsManager$InternalSetting
Event: 3.768 Loading class jdk/jfr/internal/SettingsManager$InternalSetting done
Event: 3.775 Loading class jdk/jfr/internal/util/Rate
Event: 3.775 Loading class jdk/jfr/internal/util/Rate done
Event: 3.776 Loading class jdk/jfr/internal/util/TimespanUnit
Event: 3.776 Loading class jdk/jfr/internal/util/TimespanUnit done
Event: 3.776 Loading class jdk/jfr/internal/util/ValueParser
Event: 3.776 Loading class jdk/jfr/internal/util/ValueParser done
Event: 3.783 Loading class jdk/jfr/internal/periodic/PeriodicType
Event: 3.783 Loading class jdk/jfr/internal/periodic/PeriodicType done

Classes unloaded (0 events):
No events

Classes redefined (0 events):
No events

Internal exceptions (20 events):
Event: 1.299 Thread 0x00000288e333e050 Exception <a 'java/lang/NoSuchMethodError'{0x000000008c014bb8}: 'void java.lang.invoke.DirectMethodHandle$Holder.invokeStatic(java.lang.Object, java.lang.Object, java.lang.Object)'> (0x000000008c014bb8) 
thrown [s\src\hotspot\share\interpreter\linkResolver.cpp, line 805]
Event: 1.321 Thread 0x00000288e333e050 Exception <a 'java/lang/NoSuchMethodError'{0x000000008c049778}: 'java.lang.Object java.lang.invoke.Invokers$Holder.invokeExact_MT(java.lang.Object, java.lang.Object, java.lang.Object, java.lang.Object, java.lang.Object)'> (0x000000008c049778) 
thrown [s\src\hotspot\share\interpreter\linkResolver.cpp, line 805]
Event: 1.358 Thread 0x00000288e333e050 Exception <a 'java/lang/NoSuchMethodError'{0x000000008c05bed0}: 'java.lang.Object java.lang.invoke.DirectMethodHandle$Holder.invokeStaticInit(java.lang.Object, java.lang.Object, java.lang.Object)'> (0x000000008c05bed0) 
thrown [s\src\hotspot\share\interpreter\linkResolver.cpp, line 805]
Event: 1.364 Thread 0x00000288807a47a0 Exception <a 'java/lang/NoSuchMethodError'{0x000000008c0851d8}: 'java.lang.Object java.lang.invoke.DirectMethodHandle$Holder.invokeStaticInit(java.lang.Object)'> (0x000000008c0851d8) 
thrown [s\src\hotspot\share\interpreter\linkResolver.cpp, line 805]
Event: 1.406 Thread 0x00000288807a47a0 Exception <a 'java/lang/NoSuchMethodError'{0x000000008c08fe08}: 'void java.lang.invoke.DirectMethodHandle$Holder.invokeStatic(java.lang.Object, java.lang.Object)'> (0x000000008c08fe08) 
thrown [s\src\hotspot\share\interpreter\linkResolver.cpp, line 805]
Event: 3.055 Thread 0x00000288e333e050 Implicit null exception at 0x00000288f4063d80 to 0x00000288f40648fc
Event: 3.055 Thread 0x00000288e333e050 Implicit null exception at 0x00000288f404cea0 to 0x00000288f404cf22
Event: 3.095 Thread 0x00000288e333e050 Exception <a 'java/lang/NoSuchMethodError'{0x000000008b542090}: 'void java.lang.invoke.DirectMethodHandle$Holder.invokeStaticInit(java.lang.Object)'> (0x000000008b542090) 
thrown [s\src\hotspot\share\interpreter\linkResolver.cpp, line 805]
Event: 3.144 Thread 0x00000288e333e050 Exception <a 'java/lang/NoSuchMethodError'{0x000000008b5b3760}: 'void java.lang.invoke.DirectMethodHandle$Holder.invokeSpecial(java.lang.Object, java.lang.Object, java.lang.Object)'> (0x000000008b5b3760) 
thrown [s\src\hotspot\share\interpreter\linkResolver.cpp, line 805]
Event: 3.179 Thread 0x00000288e333e050 Exception <a 'java/lang/NoSuchMethodError'{0x000000008b41af90}: 'java.lang.Object java.lang.invoke.DirectMethodHandle$Holder.newInvokeSpecial(java.lang.Object, java.lang.Object, java.lang.Object, java.lang.Object, java.lang.Object)'> (0x000000008b41af90) 
thrown [s\src\hotspot\share\interpreter\linkResolver.cpp, line 805]
Event: 3.352 Thread 0x00000288e333e050 Exception <a 'java/lang/NoSuchMethodError'{0x000000008b3b1bc0}: 'long java.lang.invoke.DirectMethodHandle$Holder.invokeVirtual(java.lang.Object, java.lang.Object)'> (0x000000008b3b1bc0) 
thrown [s\src\hotspot\share\interpreter\linkResolver.cpp, line 805]
Event: 3.517 Thread 0x00000288e333e050 Exception <a 'java/lang/NoSuchMethodError'{0x000000008b003990}: 'int java.lang.invoke.DirectMethodHandle$Holder.invokeSpecial(java.lang.Object, java.lang.Object, java.lang.Object)'> (0x000000008b003990) 
thrown [s\src\hotspot\share\interpreter\linkResolver.cpp, line 805]
Event: 3.665 Thread 0x00000288e333e050 Exception <a 'java/lang/NoSuchMethodError'{0x000000008afc9780}: 'void java.lang.invoke.DirectMethodHandle$Holder.invokeSpecial(java.lang.Object, java.lang.Object, int)'> (0x000000008afc9780) 
thrown [s\src\hotspot\share\interpreter\linkResolver.cpp, line 805]
Event: 3.667 Thread 0x00000288e333e050 Exception <a 'java/lang/NoSuchMethodError'{0x000000008afd13a0}: 'void java.lang.invoke.Invokers$Holder.invokeExact_MT(java.lang.Object, int, java.lang.Object)'> (0x000000008afd13a0) 
thrown [s\src\hotspot\share\interpreter\linkResolver.cpp, line 805]
Event: 3.671 Thread 0x00000288e333e050 Exception <a 'java/lang/NoSuchMethodError'{0x000000008afebc50}: 'void java.lang.invoke.DirectMethodHandle$Holder.invokeStatic(java.lang.Object, java.lang.Object, int)'> (0x000000008afebc50) 
thrown [s\src\hotspot\share\interpreter\linkResolver.cpp, line 805]
Event: 3.673 Thread 0x00000288e333e050 Exception <a 'java/lang/NoSuchMethodError'{0x000000008affad40}: 'java.lang.Object java.lang.invoke.DirectMethodHandle$Holder.newInvokeSpecial(java.lang.Object, java.lang.Object, int)'> (0x000000008affad40) 
thrown [s\src\hotspot\share\interpreter\linkResolver.cpp, line 805]
Event: 3.677 Thread 0x00000288c7e8a6a0 Exception <a 'java/lang/NoSuchMethodError'{0x000000008ae05338}: 'long java.lang.invoke.DirectMethodHandle$Holder.invokeSpecial(java.lang.Object, java.lang.Object)'> (0x000000008ae05338) 
thrown [s\src\hotspot\share\interpreter\linkResolver.cpp, line 805]
Event: 3.689 Thread 0x00000288e333e050 Exception <a 'sun/nio/fs/WindowsException'{0x000000008aeafea8}> (0x000000008aeafea8) 
thrown [s\src\hotspot\share\prims\jni.cpp, line 518]
Event: 3.695 Thread 0x00000288e333e050 Exception <a 'sun/nio/fs/WindowsException'{0x000000008aebcd50}> (0x000000008aebcd50) 
thrown [s\src\hotspot\share\prims\jni.cpp, line 518]
Event: 3.702 Thread 0x00000288e333e050 Exception <a 'sun/nio/fs/WindowsException'{0x000000008aeceac8}> (0x000000008aeceac8) 
thrown [s\src\hotspot\share\prims\jni.cpp, line 518]

VM Operations (8 events):
Event: 0.969 Executing VM operation: HandshakeAllThreads (Deoptimize)
Event: 0.969 Executing VM operation: HandshakeAllThreads (Deoptimize) done
Event: 3.683 Executing VM operation: HandshakeAllThreads (Deoptimize)
Event: 3.683 Executing VM operation: HandshakeAllThreads (Deoptimize) done
Event: 3.684 Executing VM operation: HandshakeAllThreads (Deoptimize)
Event: 3.684 Executing VM operation: HandshakeAllThreads (Deoptimize) done
Event: 3.765 Executing VM operation: JFRSafepointClear
Event: 3.765 Executing VM operation: JFRSafepointClear done

Memory protections (0 events):
No events

Nmethod flushes (0 events):
No events

Events (16 events):
Event: 0.569 Thread 0x00000288e333e050 Thread added: 0x00000288e333e050
Event: 0.590 Thread 0x00000288e333e050 Thread added: 0x0000028880529500
Event: 0.591 Thread 0x00000288e333e050 Thread added: 0x000002888052a030
Event: 0.591 Thread 0x00000288e333e050 Thread added: 0x000002888052f5e0
Event: 0.591 Thread 0x00000288e333e050 Thread added: 0x0000028880530110
Event: 0.591 Thread 0x00000288e333e050 Thread added: 0x00000288805327c0
Event: 0.591 Thread 0x00000288e333e050 Thread added: 0x000002888053e400
Event: 0.592 Thread 0x00000288e333e050 Thread added: 0x0000028880548f80
Event: 0.592 Thread 0x00000288e333e050 Thread added: 0x000002888054c290
Event: 1.228 Thread 0x00000288e333e050 Thread added: 0x0000028880768db0
Event: 1.341 Thread 0x00000288e333e050 Thread added: 0x00000288807a47a0
Event: 2.447 Thread 0x000002888054c290 Thread added: 0x00000288c67a5eb0
Event: 3.084 Thread 0x00000288e333e050 Thread added: 0x00000288c6def990
Event: 3.134 Thread 0x00000288c67a5eb0 Thread exited: 0x00000288c67a5eb0
Event: 3.397 Thread 0x000002888054c290 Thread added: 0x00000288c77c5ea0
Event: 3.674 Thread 0x00000288e333e050 Thread added: 0x00000288c7e8a6a0


Dynamic libraries:
0x00007ff7fe2e0000 - 0x00007ff7fe2ee000 	C:\Users\user\.jdks\corretto-24.0.2\bin\java.exe
0x00007ffac4680000 - 0x00007ffac48e7000 	C:\Windows\SYSTEM32\ntdll.dll
0x00007ffac2c90000 - 0x00007ffac2d59000 	C:\Windows\System32\KERNEL32.DLL
0x00007ffac1220000 - 0x00007ffac1617000 	C:\Windows\System32\KERNELBASE.dll
0x00007ffac16b0000 - 0x00007ffac17fb000 	C:\Windows\System32\ucrtbase.dll
0x00007ffaa8160000 - 0x00007ffaa8177000 	C:\Users\user\.jdks\corretto-24.0.2\bin\jli.dll
0x00007ffac34b0000 - 0x00007ffac3676000 	C:\Windows\System32\USER32.dll
0x00007ffac1800000 - 0x00007ffac1827000 	C:\Windows\System32\win32u.dll
0x00007ffac2c10000 - 0x00007ffac2c3b000 	C:\Windows\System32\GDI32.dll
0x00007ffa8f400000 - 0x00007ffa8f41e000 	C:\Users\user\.jdks\corretto-24.0.2\bin\VCRUNTIME140.dll
0x00007ffac18e0000 - 0x00007ffac1a0c000 	C:\Windows\System32\gdi32full.dll
0x00007ffac1170000 - 0x00007ffac1213000 	C:\Windows\System32\msvcp_win.dll
0x00007ffaae520000 - 0x00007ffaae7b2000 	C:\Windows\WinSxS\amd64_microsoft.windows.common-controls_6595b64144ccf1df_6.0.26100.8457_none_3e0b2faee331e92d\COMCTL32.dll
0x00007ffac2400000 - 0x00007ffac24a9000 	C:\Windows\System32\msvcrt.dll
0x00007ffac3820000 - 0x00007ffac3852000 	C:\Windows\System32\IMM32.DLL
0x00007ffa99100000 - 0x00007ffa9910c000 	C:\Users\user\.jdks\corretto-24.0.2\bin\vcruntime140_1.dll
0x00007ffa496d0000 - 0x00007ffa49759000 	C:\Users\user\.jdks\corretto-24.0.2\bin\msvcp140.dll
0x00007ff9fd590000 - 0x00007ff9fe405000 	C:\Users\user\.jdks\corretto-24.0.2\bin\server\jvm.dll
0x00007ffac4470000 - 0x00007ffac4526000 	C:\Windows\System32\ADVAPI32.dll
0x00007ffac2b60000 - 0x00007ffac2c07000 	C:\Windows\System32\sechost.dll
0x00007ffac3ac0000 - 0x00007ffac3bd8000 	C:\Windows\System32\RPCRT4.dll
0x00007ffac4380000 - 0x00007ffac4400000 	C:\Windows\System32\WS2_32.dll
0x00007ffaaa520000 - 0x00007ffaaa556000 	C:\Windows\SYSTEM32\WINMM.dll
0x00007ffac0f30000 - 0x00007ffac0f8e000 	C:\Windows\SYSTEM32\POWRPROF.dll
0x00007ffab3f30000 - 0x00007ffab3f3b000 	C:\Windows\SYSTEM32\VERSION.dll
0x00007ffac0f10000 - 0x00007ffac0f24000 	C:\Windows\SYSTEM32\UMPDC.dll
0x00007ffabfe00000 - 0x00007ffabfe1b000 	C:\Windows\SYSTEM32\kernel.appcore.dll
0x00007ffa98020000 - 0x00007ffa9802a000 	C:\Users\user\.jdks\corretto-24.0.2\bin\jimage.dll
0x00007ffabf180000 - 0x00007ffabf3c2000 	C:\Windows\SYSTEM32\DBGHELP.DLL
0x00007ffac2fc0000 - 0x00007ffac3343000 	C:\Windows\System32\combase.dll
0x00007ffac2d80000 - 0x00007ffac2e59000 	C:\Windows\System32\OLEAUT32.dll
0x00007ffaa5100000 - 0x00007ffaa513b000 	C:\Windows\SYSTEM32\dbgcore.DLL
0x00007ffac1830000 - 0x00007ffac18d8000 	C:\Windows\System32\bcryptPrimitives.dll
0x00007ffab2d10000 - 0x00007ffab2d20000 	C:\Users\user\.jdks\corretto-24.0.2\bin\instrument.dll
0x00007ffa8f310000 - 0x00007ffa8f32f000 	C:\Users\user\.jdks\corretto-24.0.2\bin\java.dll
0x00007ffac3680000 - 0x00007ffac3817000 	C:\Windows\System32\ole32.dll
0x00007ffac3c00000 - 0x00007ffac436e000 	C:\Windows\System32\SHELL32.dll
0x00007ffa6c3a0000 - 0x00007ffa6c599000 	C:\Users\user\AppData\Local\Temp\idea_libasyncProfiler_dll_temp_folder\libasyncProfiler.dll
0x00007ffac1a10000 - 0x00007ffac227c000 	C:\Windows\System32\windows.storage.dll
0x00007ffac29c0000 - 0x00007ffac2ab6000 	C:\Windows\System32\SHCORE.dll
0x00007ffac2e90000 - 0x00007ffac2ef6000 	C:\Windows\System32\shlwapi.dll
0x00007ffac0fd0000 - 0x00007ffac0ff9000 	C:\Windows\SYSTEM32\profapi.dll
0x00007ffa2e1c0000 - 0x00007ffa2e297000 	C:\Users\user\.jdks\corretto-24.0.2\bin\jsvml.dll
0x00007ffa8d460000 - 0x00007ffa8d477000 	C:\Users\user\.jdks\corretto-24.0.2\bin\zip.dll
0x00007ffa8eb90000 - 0x00007ffa8eba1000 	C:\Users\user\.jdks\corretto-24.0.2\bin\net.dll
0x00007ffac0350000 - 0x00007ffac03bc000 	C:\Windows\system32\mswsock.dll
0x00007ffa8ded0000 - 0x00007ffa8dee6000 	C:\Users\user\.jdks\corretto-24.0.2\bin\nio.dll
0x00007ffaa6e20000 - 0x00007ffaa6e3a000 	C:\Program Files\JetBrains\IntelliJ IDEA 2024.2.4\bin\breakgen64.dll
0x00007ffaae160000 - 0x00007ffaae169000 	C:\Users\user\.jdks\corretto-24.0.2\bin\extnet.dll

JVMTI agents:
C:\Program Files\JetBrains\IntelliJ IDEA 2024.2.4\lib\idea_rt.jar path:C:\Users\user\.jdks\corretto-24.0.2\bin\instrument.dll, loaded, initialized, instrumentlib options:54376:C:\Program Files\JetBrains\IntelliJ IDEA 2024.2.4\bin
C:\Users\user\AppData\Local\Temp\idea_libasyncProfiler_dll_temp_folder\libasyncProfiler.dll path:C:\Users\user\AppData\Local\Temp\idea_libasyncProfiler_dll_temp_folder\libasyncProfiler.dll, loaded, initialized, options:start,jfr,event=wall,interval=10ms,jfrsync=profile,cstack=no,file=C:\Users\user\IdeaSnapshots\Bu_Microservice_utilisateur_Security_in_utilisateur_2026_06_10_031203.jfr,dbghelppath=C:\Users\user\AppData\Local\Temp\idea_dbghelp_dll_temp_folder\dbghelp.dll,log=C:\Users\user\AppData\Local\Temp\Bu_Microservice_utilisateur_Security_in_utilisateur_2026_06_10_031203.jfr.log.txt,logLevel=DEBUG

dbghelp: loaded successfully - version: 4.0.5 - missing functions: none
symbol engine: initialized successfully - sym options: 0x614 - pdb path: .;C:\Users\user\.jdks\corretto-24.0.2\bin;C:\Windows\SYSTEM32;C:\Windows\WinSxS\amd64_microsoft.windows.common-controls_6595b64144ccf1df_6.0.26100.8457_none_3e0b2faee331e92d;C:\Users\user\.jdks\corretto-24.0.2\bin\server;C:\Users\user\AppData\Local\Temp\idea_libasyncProfiler_dll_temp_folder;C:\Program Files\JetBrains\IntelliJ IDEA 2024.2.4\bin

VM Arguments:
jvm_args: -ea -Didea.test.cyclic.buffer.size=1048576 -javaagent:C:\Program Files\JetBrains\IntelliJ IDEA 2024.2.4\lib\idea_rt.jar=54376:C:\Program Files\JetBrains\IntelliJ IDEA 2024.2.4\bin -agentpath:C:\Users\user\AppData\Local\Temp\idea_libasyncProfiler_dll_temp_folder\libasyncProfiler.dll=start,jfr,event=wall,interval=10ms,jfrsync=profile,cstack=no,file=C:\Users\user\IdeaSnapshots\Bu_Microservice_utilisateur_Security_in_utilisateur_2026_06_10_031203.jfr,dbghelppath=C:\Users\user\AppData\Local\Temp\idea_dbghelp_dll_temp_folder\dbghelp.dll,log=C:\Users\user\AppData\Local\Temp\Bu_Microservice_utilisateur_Security_in_utilisateur_2026_06_10_031203.jfr.log.txt,logLevel=DEBUG -Dfile.encoding=UTF-8 -Dsun.stdout.encoding=UTF-8 -Dsun.stderr.encoding=UTF-8 
java_command: com.intellij.rt.junit.JUnitStarter -ideVersion5 -junit5 @w@C:\Users\user\AppData\Local\Temp\idea_working_dirs_junit.tmp @C:\Users\user\AppData\Local\Temp\idea_junit.tmp -socket54375
java_class_path (initial): C:\Users\user\.m2\repository\org\junit\platform\junit-platform-launcher\6.0.3\junit-platform-launcher-6.0.3.jar;C:\Program Files\JetBrains\IntelliJ IDEA 2024.2.4\lib\idea_rt.jar;C:\Program Files\JetBrains\IntelliJ IDEA 2024.2.4\plugins\junit\lib\junit5-rt.jar;C:\Program Files\JetBrains\IntelliJ IDEA 2024.2.4\plugins\junit\lib\junit-rt.jar;C:\Users\user\Desktop\projet\utilisateur\target\test-classes;C:\Users\user\Desktop\projet\utilisateur\target\classes;C:\Users\user\.m2\repository\org\springframework\boot\spring-boot-starter-data-jpa\4.0.6\spring-boot-starter-data-jpa-4.0.6.jar;C:\Users\user\.m2\repository\org\springframework\boot\spring-boot-starter\4.0.6\spring-boot-starter-4.0.6.jar;C:\Users\user\.m2\repository\org\springframework\boot\spring-boot-starter-logging\4.0.6\spring-boot-starter-logging-4.0.6.jar;C:\Users\user\.m2\repository\ch\qos\logback\logback-classic\1.5.32\logback-classic-1.5.32.jar;C:\Users\user\.m2\repository\ch\qos\logback\logback-core\1.5.32\logback-core-1.5.32.jar;C:\Users\user\.m2\repository\org\apache\logging\log4j\log4j-to-slf4j\2.25.4\log4j-to-slf4j-2.25.4.jar;C:\Users\user\.m2\repository\org\apache\logging\log4j\log4j-api\2.25.4\log4j-api-2.25.4.jar;C:\Users\user\.m2\repository\org\slf4j\jul-to-slf4j\2.0.17\jul-to-slf4j-2.0.17.jar;C:\Users\user\.m2\repository\jakarta\annotation\jakarta.annotation-api\3.0.0\jakarta.annotation-api-3.0.0.jar;C:\Users\user\.m2\repository\org\yaml\snakeyaml\2.5\snakeyaml-2.5.jar;C:\Users\user\.m2\repository\org\springframework\boot\spring-boot-starter-jdbc\4.0.6\spring-boot-starter-jdbc-4.0.6.jar;C:\Users\user\.m2\repository\com\zaxxer\HikariCP\7.0.2\HikariCP-7.0.2.jar;C:\Users\user\.m2\repository\org\springframework\boot\spring-boot-data-jpa\4.0.6\spring-boot-data-jpa-4.0.6.jar;C:\Users\user\.m2\repository\org\springframework\boot\spring-boot-data-commons\4.0.6\spring-boot-data-commons-4.0.6.jar;C:\Users\user\.m2\repository\org\springframework\boot\spring-boot-persistence\4.0.6\spring-boot-persistence-4.0.6.jar;C:\Users\user\.m2\repository\org\springframework\data\spring-data-commons\4.0.5\spring-data-commons-4.0.5.jar;C:\Users\user\.m2\repository\org\springframework\boot\spring-boot-hibernate\4.0.6\spring-boot-hibernate-4.0.6.jar;C:\Users\user\.m2\repository\org\springframework\boot\spring-boot-jpa\4.0.6\spring-boot-jpa-4.0.6.jar;C:\Users\user\.m2\repository\jakarta\persistence\jakarta.persistence-api\3.2.0\jakarta.persistence-api-3.2.0.jar;C:\Users\user\.m2\repository\org\hibernate\orm\hibernate-core\7.2.12.Final\hibernate-core-7.2.12.Final.jar;C:\Users\user\.m2\repository\jakarta\transaction\jakarta.transaction-api\2.0.1\jakarta.transaction-api-2.0.1.jar;C:\Users\user\.m2\repository\org\hibernate\models\hibernate-models\1.0.1\hibernate-models-1.0.1.jar;C:\Users\user\.m2\repository\org\glassfish\jaxb\jaxb-runtime\4.0.6\jaxb-runtime-4.0.6.jar;C:\Users\user\.m2\repository\org\glassfish\jaxb\jaxb-core\4.0.6\jaxb-core-4.0.6.jar;C:\Users\user\.m2\repository\org\eclipse\angus\angus-activation\2.0.3\angus-activation-2.0.3.jar;C:\Users\user\.m2\repository\org\glassfish\jaxb\txw2\4.0.6\txw2-4.0.6.jar;C:\Users\user\.m2\repository\com\sun\istack\istack-commons-runtime\4.1.2\istack-commons-runtime-4.1.2.jar;C:\Users\user\.m2\repository\org\springframework\spring-orm\7.0.7\spring-orm-7.0.7.jar;C:\Users\user\.m2\repository\org\springframework\data\spring-data-jpa\4.0.5\spring-data-jpa-4.0.5.jar;C:\Users\user\.m2\repository\org\springframework\spring-tx\7.0.7\spring-tx-7.0.7.jar;C:\Users\user\.m2\repository\org\antlr\antlr4-runtime\4.13.2\antlr4-runtime-4.13.2.jar;C:\Users\user\.m2\repository\org\springframework\spring-aspects\7.0.7\spring-aspects-7.0.7.jar;C:\Users\user\.m2\repository\org\aspectj\aspectjweaver\1.9.25.1\aspectjweaver-1.9.25.1.jar;C:\Users\user\.m2\repository\org\springframework\boot\spring-boot-jdbc\4.0.6\spring-boot-jdbc-4.0.6.jar;C:\Users\user\.m2\repository\org\springframework\boot\spring-boot-sql\4.0.6\spring-boot-sql-4.0.6.jar;C:\Users\user\.m2\repository\org\springframework\boot\spring-boot-transaction\4.0.6\spring-boot-transaction-4.0.6.jar;C:\Users\user\.m2\repository\org\springframework\spring-jdbc\7.0.7\spring-jdbc-7.0.7.jar;C:\Users\user\.m2\repository\org\springframework\boot\spring-boot-starter-security\4.0.6\spring-boot-starter-security-4.0.6.jar;C:\Users\user\.m2\repository\org\springframework\boot\spring-boot-security\4.0.6\spring-boot-security-4.0.6.jar;C:\Users\user\.m2\repository\org\springframework\security\spring-security-config\7.0.5\spring-security-config-7.0.5.jar;C:\Users\user\.m2\repository\org\springframework\security\spring-security-core\7.0.5\spring-security-core-7.0.5.jar;C:\Users\user\.m2\repository\org\springframework\security\spring-security-web\7.0.5\spring-security-web-7.0.5.jar;C:\Users\user\.m2\repository\org\springframework\spring-expression\7.0.7\spring-expression-7.0.7.jar;C:\Users\user\.m2\repository\org\springframework\spring-aop\7.0.7\spring-aop-7.0.7.jar;C:\Users\user\.m2\repository\org\springframework\spring-beans\7.0.7\spring-beans-7.0.7.jar;C:\Users\user\.m2\repository\org\springframework\spring-core\7.0.7\spring-core-7.0.7.jar;C:\Users\user\.m2\repository\commons-logging\commons-logging\1.3.6\commons-logging-1.3.6.jar;C:\Users\user\.m2\repository\org\jspecify\jspecify\1.0.0\jspecify-1.0.0.jar;C:\Users\user\.m2\repository\org\springframework\boot\spring-boot-starter-webmvc\4.0.6\spring-boot-starter-webmvc-4.0.6.jar;C:\Users\user\.m2\repository\org\springframework\boot\spring-boot-starter-jackson\4.0.6\spring-boot-starter-jackson-4.0.6.jar;C:\Users\user\.m2\repository\org\springframework\boot\spring-boot-jackson\4.0.6\spring-boot-jackson-4.0.6.jar;C:\Users\user\.m2\repository\tools\jackson\core\jackson-databind\3.1.2\jackson-databind-3.1.2.jar;C:\Users\user\.m2\repository\tools\jackson\core\jackson-core\3.1.2\jackson-core-3.1.2.jar;C:\Users\user\.m2\repository\org\springframework\boot\spring-boot-starter-tomcat\4.0.6\spring-boot-starter-tomcat-4.0.6.jar;C:\Users\user\.m2\repository\org\springframework\boot\spring-boot-starter-tomcat-runtime\4.0.6\spring-boot-starter-tomcat-runtime-4.0.6.jar;C:\Users\user\.m2\repository\org\apache\tomcat\embed\tomcat-embed-core\11.0.21\tomcat-embed-core-11.0.21.jar;C:\Users\user\.m2\repository\org\apache\tomcat\embed\tomcat-embed-websocket\11.0.21\tomcat-embed-websocket-11.0.21.jar;C:\Users\user\.m2\repository\org\springframework\boot\spring-boot-tomcat\4.0.6\spring-boot-tomcat-4.0.6.jar;C:\Users\user\.m2\repository\org\springframework\boot\spring-boot-http-converter\4.0.6\spring-boot-http-converter-4.0.6.jar;C:\Users\user\.m2\repository\org\springframework\spring-web\7.0.7\spring-web-7.0.7.jar;C:\Users\user\.m2\repository\io\micrometer\micrometer-observation\1.16.5\micrometer-observation-1.16.5.jar;C:\Users\user\.m2\repository\io\micrometer\micrometer-commons\1.16.5\micrometer-commons-1.16.5.jar;C:\Users\user\.m2\repository\org\springframework\boot\spring-boot-webmvc\4.0.6\spring-boot-webmvc-4.0.6.jar;C:\Users\user\.m2\repository\org\springframework\boot\spring-boot-servlet\4.0.6\spring-boot-servlet-4.0.6.jar;C:\Users\user\.m2\repository\org\springframework\spring-webmvc\7.0.7\spring-webmvc-7.0.7.jar;C:\Users\user\.m2\repository\org\springframework\cloud\spring-cloud-starter-netflix-eureka-client\5.0.1\spring-cloud-starter-netflix-eureka-client-5.0.1.jar;C:\Users\user\.m2\repository\org\springframework\cloud\spring-cloud-starter\5.0.1\spring-cloud-starter-5.0.1.jar;C:\Users\user\.m2\repository\org\springframework\cloud\spring-cloud-context\5.0.1\spring-cloud-context-5.0.1.jar;C:\Users\user\.m2\repository\org\springframework\boot\spring-boot-restclient\4.0.6\spring-boot-restclient-4.0.6.jar;C:\Users\user\.m2\repository\org\springframework\boot\spring-boot-http-client\4.0.6\spring-boot-http-client-4.0.6.jar;C:\Users\user\.m2\repository\org\springframework\security\spring-security-crypto\7.0.5\spring-security-crypto-7.0.5.jar;C:\Users\user\.m2\repository\org\springframework\cloud\spring-cloud-commons\5.0.1\spring-cloud-commons-5.0.1.jar;C:\Users\user\.m2\repository\org\bouncycastle\bcprov-jdk18on\1.81\bcprov-jdk18on-1.81.jar;C:\Users\user\.m2\repository\org\springframework\cloud\spring-cloud-netflix-eureka-client\5.0.1\spring-cloud-netflix-eureka-client-5.0.1.jar;C:\Users\user\.m2\repository\org\springframework\boot\spring-boot-jackson2\4.0.6\spring-boot-jackson2-4.0.6.jar;C:\Users\user\.m2\repository\com\fasterxml\jackson\datatype\jackson-datatype-jdk8\2.21.2\jackson-datatype-jdk8-2.21.2.jar;C:\Users\user\.m2\repository\com\fasterxml\jackson\datatype\jackson-datatype-jsr310\2.21.2\jackson-datatype-jsr310-2.21.2.jar;C:\Users\user\.m2\repository\com\fasterxml\jackson\module\jackson-module-parameter-names\2.21.2\jackson-module-parameter-names-2.21.2.jar;C:\Users\user\.m2\repository\org\apache\httpcomponents\client5\httpclient5\5.5.2\httpclient5-5.5.2.jar;C:\Users\user\.m2\repository\org\apache\httpcomponents\core5\httpcore5\5.3.6\httpcore5-5.3.6.jar;C:\Users\user\.m2\repository\org\apache\httpcomponents\core5\httpcore5-h2\5.3.6\httpcore5-h2-5.3.6.jar;C:\Users\user\.m2\repository\com\netflix\eureka\eureka-client\2.0.5\eureka-client-2.0.5.jar;C:\Users\user\.m2\repository\com\thoughtworks\xstream\xstream\1.4.21\xstream-1.4.21.jar;C:\Users\user\.m2\repository\io\github\x-stream\mxparser\1.2.2\mxparser-1.2.2.jar;C:\Users\user\.m2\repository\xmlpull\xmlpull\1.1.3.1\xmlpull-1.1.3.1.jar;C:\Users\user\.m2\repository\jakarta\ws\rs\jakarta.ws.rs-api\4.0.0\jakarta.ws.rs-api-4.0.0.jar;C:\Users\user\.m2\repository\jakarta\inject\jakarta.inject-api\2.0.1\jakarta.inject-api-2.0.1.jar;C:\Users\user\.m2\repository\com\netflix\spectator\spectator-api\1.7.3\spectator-api-1.7.3.jar;C:\Users\user\.m2\repository\org\slf4j\slf4j-api\2.0.17\slf4j-api-2.0.17.jar;C:\Users\user\.m2\repository\org\apache\httpcomponents\httpclient\4.5.3\httpclient-4.5.3.jar;C:\Users\user\.m2\repository\org\apache\httpcomponents\httpcore\4.4.16\httpcore-4.4.16.jar;C:\Users\user\.m2\repository\commons-codec\commons-codec\1.19.0\commons-codec-1.19.0.jar;C:\Users\user\.m2\repository\commons-configuration\commons-configuration\1.10\commons-configuration-1.10.jar;C:\Users\user\.m2\repository\commons-lang\commons-lang\2.6\commons-lang-2.6.jar;C:\Users\user\.m2\repository\com\fasterxml\jackson\core\jackson-annotations\2.21\jackson-annotations-2.21.jar;C:\Users\user\.m2\repository\com\fasterxml\jackson\core\jackson-core\2.21.2\jackson-core-2.21.2.jar;C:\Users\user\.m2\repository\com\netflix\netflix-commons\netflix-eventbus\0.3.0\netflix-eventbus-0.3.0.jar;C:\Users\user\.m2\repository\com\netflix\netflix-commons\netflix-infix\0.3.0\netflix-infix-0.3.0.jar;C:\Users\user\.m2\repository\commons-jxpath\commons-jxpath\1.3\commons-jxpath-1.3.jar;C:\Users\user\.m2\repository\joda-time\joda-time\2.3\joda-time-2.3.jar;C:\Users\user\.m2\repository\org\antlr\antlr-runtime\3.4\antlr-runtime-3.4.jar;C:\Users\user\.m2\repository\org\antlr\stringtemplate\3.2.1\stringtemplate-3.2.1.jar;C:\Users\user\.m2\repository\antlr\antlr\2.7.7\antlr-2.7.7.jar;C:\Users\user\.m2\repository\com\google\code\gson\gson\2.13.2\gson-2.13.2.jar;C:\Users\user\.m2\repository\com\google\errorprone\error_prone_annotations\2.41.0\error_prone_annotations-2.41.0.jar;C:\Users\user\.m2\repository\com\netflix\servo\servo-core\0.5.3\servo-core-0.5.3.jar;C:\Users\user\.m2\repository\org\apache\commons\commons-math\2.2\commons-math-2.2.jar;C:\Users\user\.m2\repository\javax\annotation\javax.annotation-api\1.2\javax.annotation-api-1.2.jar;C:\Users\user\.m2\repository\org\codehaus\jettison\jettison\1.5.4\jettison-1.5.4.jar;C:\Users\user\.m2\repository\org\springframework\cloud\spring-cloud-starter-loadbalancer\5.0.1\spring-cloud-starter-loadbalancer-5.0.1.jar;C:\Users\user\.m2\repository\org\springframework\cloud\spring-cloud-loadbalancer\5.0.1\spring-cloud-loadbalancer-5.0.1.jar;C:\Users\user\.m2\repository\io\projectreactor\reactor-core\3.8.5\reactor-core-3.8.5.jar;C:\Users\user\.m2\repository\org\reactivestreams\reactive-streams\1.0.4\reactive-streams-1.0.4.jar;C:\Users\user\.m2\repository\io\projectreactor\addons\reactor-extra\3.6.0\reactor-extra-3.6.0.jar;C:\Users\user\.m2\repository\org\springframework\boot\spring-boot-starter-cache\4.0.6\spring-boot-starter-cache-4.0.6.jar;C:\Users\user\.m2\repository\org\springframework\boot\spring-boot-cache\4.0.6\spring-boot-cache-4.0.6.jar;C:\Users\user\.m2\repository\org\springframework\spring-context-support\7.0.7\spring-context-support-7.0.7.jar;C:\Users\user\.m2\repository\com\stoyanr\evictor\1.0.0\evictor-1.0.0.jar;C:\Users\user\.m2\repository\org\springframework\boot\spring-boot-devtools\4.0.6\spring-boot-devtools-4.0.6.jar;C:\Users\user\.m2\repository\org\springframework\boot\spring-boot\4.0.6\spring-boot-4.0.6.jar;C:\Users\user\.m2\repository\org\springframework\spring-context\7.0.7\spring-context-7.0.7.jar;C:\Users\user\.m2\repository\org\springframework\boot\spring-boot-autoconfigure\4.0.6\spring-boot-autoconfigure-4.0.6.jar;C:\Users\user\.m2\repository\io\jsonwebtoken\jjwt-api\0.11.5\jjwt-api-0.11.5.jar;C:\Users\user\.m2\repository\io\jsonwebtoken\jjwt-impl\0.11.5\jjwt-impl-0.11.5.jar;C:\Users\user\.m2\repository\io\jsonwebtoken\jjwt-jackson\0.11.5\jjwt-jackson-0.11.5.jar;C:\Users\user\.m2\repository\com\fasterxml\jackson\core\jackson-databind\2.21.2\jackson-databind-2.21.2.jar;C:\Users\user\.m2\repository\org\springframework\boot\spring-boot-starter-validation\4.0.6\spring-boot-starter-validation-4.0.6.jar;C:\Users\user\.m2\repository\org\springframework\boot\spring-boot-validation\4.0.6\spring-boot-validation-4.0.6.jar;C:\Users\user\.m2\repository\org\apache\tomcat\embed\tomcat-embed-el\11.0.21\tomcat-embed-el-11.0.21.jar;C:\Users\user\.m2\repository\org\hibernate\validator\hibernate-validator\9.0.1.Final\hibernate-validator-9.0.1.Final.jar;C:\Users\user\.m2\repository\jakarta\validation\jakarta.validation-api\3.1.1\jakarta.validation-api-3.1.1.jar;C:\Users\user\.m2\repository\org\jboss\logging\jboss-logging\3.6.3.Final\jboss-logging-3.6.3.Final.jar;C:\Users\user\.m2\repository\com\fasterxml\classmate\1.7.3\classmate-1.7.3.jar;C:\Users\user\.m2\repository\com\microsoft\sqlserver\mssql-jdbc\13.2.1.jre11\mssql-jdbc-13.2.1.jre11.jar;C:\Users\user\.m2\repository\org\projectlombok\lombok\1.18.46\lombok-1.18.46.jar;C:\Users\user\.m2\repository\org\springframework\boot\spring-boot-starter-data-jpa-test\4.0.6\spring-boot-starter-data-jpa-test-4.0.6.jar;C:\Users\user\.m2\repository\org\springframework\boot\spring-boot-starter-test\4.0.6\spring-boot-starter-test-4.0.6.jar;C:\Users\user\.m2\repository\org\springframework\boot\spring-boot-test\4.0.6\spring-boot-test-4.0.6.jar;C:\Users\user\.m2\repository\org\springframework\boot\spring-boot-test-autoconfigure\4.0.6\spring-boot-test-autoconfigure-4.0.6.jar;C:\Users\user\.m2\repository\com\jayway\jsonpath\json-path\2.10.0\json-path-2.10.0.jar;C:\Users\user\.m2\repository\jakarta\xml\bind\jakarta.xml.bind-api\4.0.4\jakarta.xml.bind-api-4.0.4.jar;C:\Users\user\.m2\repository\jakarta\activation\jakarta.activation-api\2.1.4\jakarta.activation-api-2.1.4.jar;C:\Users\user\.m2\repository\net\minidev\json-smart\2.6.0\json-smart-2.6.0.jar;C:\Users\user\.m2\repository\net\minidev\accessors-smart\2.6.0\accessors-smart-2.6.0.jar;C:\Users\user\.m2\repository\org\ow2\asm\asm\9.7.1\asm-9.7.1.jar;C:\Users\user\.m2\repository\org\assertj\assertj-core\3.27.7\assertj-core-3.27.7.jar;C:\Users\user\.m2\repository\net\bytebuddy\byte-buddy\1.17.8\byte-buddy-1.17.8.jar;C:\Users\user\.m2\repository\org\awaitility\awaitility\4.3.0\awaitility-4.3.0.jar;C:\Users\user\.m2\repository\org\hamcrest\hamcrest\3.0\hamcrest-3.0.jar;C:\Users\user\.m2\repository\org\junit\jupiter\junit-jupiter\6.0.3\junit-jupiter-6.0.3.jar;C:\Users\user\.m2\repository\org\junit\jupiter\junit-jupiter-api\6.0.3\junit-jupiter-api-6.0.3.jar;C:\Users\user\.m2\repository\org\opentest4j\opentest4j\1.3.0\opentest4j-1.3.0.jar;C:\Users\user\.m2\repository\org\junit\platform\junit-platform-commons\6.0.3\junit-platform-commons-6.0.3.jar;C:\Users\user\.m2\repository\org\apiguardian\apiguardian-api\1.1.2\apiguardian-api-1.1.2.jar;C:\Users\user\.m2\repository\org\junit\jupiter\junit-jupiter-params\6.0.3\junit-jupiter-params-6.0.3.jar;C:\Users\user\.m2\repository\org\junit\jupiter\junit-jupiter-engine\6.0.3\junit-jupiter-engine-6.0.3.jar;C:\Users\user\.m2\repository\org\junit\platform\junit-platform-engine\6.0.3\junit-platform-engine-6.0.3.jar;C:\Users\user\.m2\repository\org\mockito\mockito-core\5.20.0\mockito-core-5.20.0.jar;C:\Users\user\.m2\repository\net\bytebuddy\byte-buddy-agent\1.17.8\byte-buddy-agent-1.17.8.jar;C:\Users\user\.m2\repository\org\objenesis\objenesis\3.3\objenesis-3.3.jar;C:\Users\user\.m2\repository\org\mockito\mockito-junit-jupiter\5.20.0\mockito-junit-jupiter-5.20.0.jar;C:\Users\user\.m2\repository\org\skyscreamer\jsonassert\1.5.3\jsonassert-1.5.3.jar;C:\Users\user\.m2\repository\com\vaadin\external\google\android-json\0.0.20131108.vaadin1\android-json-0.0.20131108.vaadin1.jar;C:\Users\user\.m2\repository\org\springframework\spring-test\7.0.7\spring-test-7.0.7.jar;C:\Users\user\.m2\repository\org\xmlunit\xmlunit-core\2.10.4\xmlunit-core-2.10.4.jar;C:\Users\user\.m2\repository\org\springframework\boot\spring-boot-starter-jdbc-test\4.0.6\spring-boot-starter-jdbc-test-4.0.6.jar;C:\Users\user\.m2\repository\org\springframework\boot\spring-boot-jdbc-test\4.0.6\spring-boot-jdbc-test-4.0.6.jar;C:\Users\user\.m2\repository\org\springframework\boot\spring-boot-data-jpa-test\4.0.6\spring-boot-data-jpa-test-4.0.6.jar;C:\Users\user\.m2\repository\org\springframework\boot\spring-boot-jpa-test\4.0.6\spring-boot-jpa-test-4.0.6.jar;C:\Users\user\.m2\repository\org\springframework\boot\spring-boot-starter-security-test\4.0.6\spring-boot-starter-security-test-4.0.6.jar;C:\Users\user\.m2\repository\org\springframework\boot\spring-boot-security-test\4.0.6\spring-boot-security-test-4.0.6.jar;C:\Users\user\.m2\repository\org\springframework\security\spring-security-test\7.0.5\spring-security-test-7.0.5.jar;C:\Users\user\.m2\repository\org\springframework\boot\spring-boot-starter-webmvc-test\4.0.6\spring-boot-starter-webmvc-test-4.0.6.jar;C:\Users\user\.m2\repository\org\springframework\boot\spring-boot-starter-jackson-test\4.0.6\spring-boot-starter-jackson-test-4.0.6.jar;C:\Users\user\.m2\repository\org\springframework\boot\spring-boot-webmvc-test\4.0.6\spring-boot-webmvc-test-4.0.6.jar;C:\Users\user\.m2\repository\org\springframework\boot\spring-boot-web-server\4.0.6\spring-boot-web-server-4.0.6.jar;C:\Users\user\.m2\repository\org\springframework\boot\spring-boot-resttestclient\4.0.6\spring-boot-resttestclient-4.0.6.jar
Launcher Type: SUN_STANDARD

[Global flags]
     intx CICompilerCount                          = 3                                         {product} {ergonomic}
     uint ConcGCThreads                            = 1                                         {product} {ergonomic}
     bool FlightRecorder                           = true                                      {product} {management}
     uint G1ConcRefinementThreads                  = 4                                         {product} {ergonomic}
   size_t G1HeapRegionSize                         = 1048576                                   {product} {ergonomic}
   size_t InitialHeapSize                          = 130023424                                 {product} {ergonomic}
   size_t MarkStackSize                            = 4194304                                   {product} {ergonomic}
   size_t MarkStackSizeMax                         = 536870912                                 {product} {ergonomic}
   size_t MaxHeapSize                              = 2071986176                                {product} {ergonomic}
   size_t MaxNewSize                               = 1242562560                                {product} {ergonomic}
   size_t MinHeapDeltaBytes                        = 1048576                                   {product} {ergonomic}
   size_t MinHeapSize                              = 8388608                                   {product} {ergonomic}
    uintx NonNMethodCodeHeapSize                   = 5832704                                {pd product} {ergonomic}
    uintx NonProfiledCodeHeapSize                  = 122945536                              {pd product} {ergonomic}
    uintx ProfiledCodeHeapSize                     = 122880000                              {pd product} {ergonomic}
    uintx ReservedCodeCacheSize                    = 251658240                              {pd product} {ergonomic}
     bool SegmentedCodeCache                       = true                                      {product} {ergonomic}
   size_t SoftMaxHeapSize                          = 2071986176                             {manageable} {ergonomic}
     bool UseCompressedOops                        = true                           {product lp64_product} {ergonomic}
     bool UseG1GC                                  = true                                      {product} {ergonomic}
     bool UseLargePagesIndividualAllocation        = false                                  {pd product} {ergonomic}

Logging:
Log output configuration:
 #0: stdout all=warning uptime,level,tags foldmultilines=false
 #1: stderr all=off uptime,level,tags foldmultilines=false

Environment Variables:
PATH=C:\Program Files (x86)\VMware\VMware Workstation\bin\;C:\Program Files\Common Files\Oracle\Java\javapath;C:\Windows\system32;C:\Windows;C:\Windows\System32\Wbem;C:\Windows\System32\WindowsPowerShell\v1.0\;C:\Windows\System32\OpenSSH\;C:\Program Files\Docker\Docker\resources\bin;C:\maven-mvnd-1.0.3-windows-amd64\maven-mvnd-1.0.3-windows-amd64\bin;C:\Program Files\JetBrains\IntelliJ IDEA 2024.2.4\bin;;C:\Users\user\AppData\Local\Programs\Microsoft VS Code\bin;C:\Users\user\AppData\Local\Python\bin;C:\Users\user\AppData\Local\Programs\mongosh\
USERNAME=user
OS=Windows_NT
PROCESSOR_IDENTIFIER=Intel64 Family 6 Model 78 Stepping 3, GenuineIntel
TMP=C:\Users\user\AppData\Local\Temp
TEMP=C:\Users\user\AppData\Local\Temp




Periodic native trim disabled

---------------  S Y S T E M  ---------------

OS:
 Windows 11 , 64 bit Build 26100 (10.0.26100.8328)
OS uptime: 3 days 9:35 hours
Hyper-V role detected

CPU: total 4 (initial active 4) (2 cores per cpu, 2 threads per core) family 6 model 78 stepping 3 microcode 0xd6, cx8, cmov, fxsr, ht, mmx, 3dnowpref, sse, sse2, sse3, ssse3, sse4.1, sse4.2, popcnt, lzcnt, tsc, tscinvbit, avx, avx2, aes, erms, clmul, bmi1, bmi2, adx, fma, vzeroupper, clflush, clflushopt, hv, rdtscp, f16c
Processor Information for processor 0
  Max Mhz: 2401, Current Mhz: 2401, Mhz Limit: 2401
Processor Information for processor 1
  Max Mhz: 2401, Current Mhz: 2401, Mhz Limit: 2401
Processor Information for processor 2
  Max Mhz: 2401, Current Mhz: 2401, Mhz Limit: 2401
Processor Information for processor 3
  Max Mhz: 2401, Current Mhz: 1500, Mhz Limit: 2401

Memory: 4k page, system-wide physical 7898M (602M free)
TotalPageFile size 17855M (AvailPageFile size 545M)
current process WorkingSet (physical memory assigned to process): 93M, peak: 95M
current process commit charge ("private bytes"): 248M, peak: 253M

vm_info: OpenJDK 64-Bit Server VM (24.0.2+12-FR) for windows-amd64 JRE (24.0.2+12-FR), built on 2025-07-11T01:41:34Z with unknown MS VC++:1944

END.
